[23:53:25] [Client thread/INFO]: Setting user: Player107
[23:53:29] [Client thread/INFO]: LWJGL Version: 2.9.4
[23:53:34] [Client thread/INFO]: Reloading ResourceManager: Default, FMLFileResourcePack:Forge Mod Loader, FMLFileResourcePack:Minecraft Forge, FMLFileResourcePack:The Wizard Mod, FMLFileResourcePack:CodeChicken Core, FMLFileResourcePack:CodeChicken Lib, FMLFileResourcePack:ccl-entityhook, FMLFileResourcePack:CoFH Core, FMLFileResourcePack:EnderCore, FMLFileResourcePack:Ender IO, FMLFileResourcePack:EnderStorage
[23:53:49] [Sound Library Loader/INFO]: Starting up SoundSystem...
[23:53:50] [Thread-7/INFO]: Initializing LWJGL OpenAL
[23:53:50] [Thread-7/INFO]: (The LWJGL binding of OpenAL.  For more information, see http://www.lwjgl.org)
[23:53:50] [Thread-7/INFO]: OpenAL initialized.
[23:53:50] [Sound Library Loader/INFO]: Sound engine started
[23:53:53] [Client thread/INFO]: Created: 16x16 textures-atlas
[23:53:55] [Client thread/INFO]: Reloading ResourceManager: Default, FMLFileResourcePack:Forge Mod Loader, FMLFileResourcePack:Minecraft Forge, FMLFileResourcePack:The Wizard Mod, FMLFileResourcePack:CodeChicken Core, FMLFileResourcePack:CodeChicken Lib, FMLFileResourcePack:ccl-entityhook, FMLFileResourcePack:CoFH Core, FMLFileResourcePack:EnderCore, FMLFileResourcePack:Ender IO, FMLFileResourcePack:EnderStorage
[23:53:56] [Client thread/INFO]: SoundSystem shutting down...
[23:53:56] [Client thread/WARN]: Author: Paul Lamb, www.paulscode.com
[23:53:56] [Sound Library Loader/INFO]: Starting up SoundSystem...
[23:53:57] [Thread-11/INFO]: Initializing LWJGL OpenAL
[23:53:57] [Thread-11/INFO]: (The LWJGL binding of OpenAL.  For more information, see http://www.lwjgl.org)
[23:53:57] [Thread-11/INFO]: OpenAL initialized.
[23:53:57] [Sound Library Loader/INFO]: Sound engine started
[23:53:59] [Client thread/INFO]: Created: 1024x512 textures-atlas
[23:54:04] [Realms Notification Availability checker #1/INFO]: Could not authorize you against Realms server: Invalid session id
[23:54:11] [Server thread/INFO]: Starting integrated minecraft server version 1.10.2
[23:54:11] [Server thread/INFO]: Generating keypair
[23:54:12] [Server thread/INFO]: Preparing start region for level 0
[23:54:13] [Server thread/INFO]: Changing view distance to 12, from 10
[23:54:14] [Server thread/INFO]: Player107[local:E:ad001447] logged in with entity id 144 at (420.1135634344404, 4.0, 168.66231703335603)
[23:54:14] [Server thread/INFO]: Player107 joined the game
[23:54:16] [Server thread/INFO]: Saving and pausing game...
[23:54:16] [Server thread/INFO]: Saving chunks for level 'New World'/Overworld
[23:54:16] [Server thread/INFO]: Saving chunks for level 'New World'/Nether
[23:54:16] [Server thread/INFO]: Saving chunks for level 'New World'/The End
[23:54:16] [Server thread/INFO]: Saving chunks for level 'New World'/Magic World
[23:54:17] [pool-2-thread-1/WARN]: Couldn't look up profile properties for com.mojang.authlib.GameProfile@2c5fd842[id=eed453d8-1b3a-3fa3-9fc5-1cf433d73521,name=Player107,properties={},legacy=false]
com.mojang.authlib.exceptions.AuthenticationException: The client has sent too many requests within a certain amount of time
	at com.mojang.authlib.yggdrasil.YggdrasilAuthenticationService.makeRequest(YggdrasilAuthenticationService.java:65) ~[YggdrasilAuthenticationService.class:?]
	at com.mojang.authlib.yggdrasil.YggdrasilMinecraftSessionService.fillGameProfile(YggdrasilMinecraftSessionService.java:175) [YggdrasilMinecraftSessionService.class:?]
	at com.mojang.authlib.yggdrasil.YggdrasilMinecraftSessionService$1.load(YggdrasilMinecraftSessionService.java:59) [YggdrasilMinecraftSessionService$1.class:?]
	at com.mojang.authlib.yggdrasil.YggdrasilMinecraftSessionService$1.load(YggdrasilMinecraftSessionService.java:56) [YggdrasilMinecraftSessionService$1.class:?]
	at com.google.common.cache.LocalCache$LoadingValueReference.loadFuture(LocalCache.java:3524) [guava-17.0.jar:?]
	at com.google.common.cache.LocalCache$Segment.loadSync(LocalCache.java:2317) [guava-17.0.jar:?]
	at com.google.common.cache.LocalCache$Segment.lockedGetOrLoad(LocalCache.java:2280) [guava-17.0.jar:?]
	at com.google.common.cache.LocalCache$Segment.get(LocalCache.java:2195) [guava-17.0.jar:?]
	at com.google.common.cache.LocalCache.get(LocalCache.java:3934) [guava-17.0.jar:?]
	at com.google.common.cache.LocalCache.getOrLoad(LocalCache.java:3938) [guava-17.0.jar:?]
	at com.google.common.cache.LocalCache$LocalLoadingCache.get(LocalCache.java:4821) [guava-17.0.jar:?]
	at com.google.common.cache.LocalCache$LocalLoadingCache.getUnchecked(LocalCache.java:4827) [guava-17.0.jar:?]
	at com.mojang.authlib.yggdrasil.YggdrasilMinecraftSessionService.fillProfileProperties(YggdrasilMinecraftSessionService.java:165) [YggdrasilMinecraftSessionService.class:?]
	at net.minecraft.client.Minecraft.getProfileProperties(Minecraft.java:3060) [Minecraft.class:?]
	at net.minecraft.client.resources.SkinManager$3.run(SkinManager.java:131) [SkinManager$3.class:?]
	at java.util.concurrent.Executors$RunnableAdapter.call(Executors.java:511) [?:1.8.0_144]
	at java.util.concurrent.FutureTask.run(FutureTask.java:266) [?:1.8.0_144]
	at java.util.concurrent.ThreadPoolExecutor.runWorker(ThreadPoolExecutor.java:1149) [?:1.8.0_144]
	at java.util.concurrent.ThreadPoolExecutor$Worker.run(ThreadPoolExecutor.java:624) [?:1.8.0_144]
	at java.lang.Thread.run(Thread.java:748) [?:1.8.0_144]
[23:54:52] [Server thread/INFO]: [Player107: Set own game mode to Survival Mode]
[23:54:52] [Client thread/INFO]: [CHAT] Your game mode has been updated to Survival Mode
[23:55:05] [Client thread/ERROR]: Received invalid update packet for null tile entity at BlockPos{x=421, y=4, z=168} with data: {FluidName:"fluid_magic",Amount:2001,x:421,y:4,z:168,id:"thewizardmodTileEntityTank"}
[23:55:36] [Server thread/INFO]: [Player107: Set own game mode to Creative Mode]
[23:55:36] [Client thread/INFO]: [CHAT] Your game mode has been updated to Creative Mode
[23:55:38] [Server thread/INFO]: Player107 has just earned the achievement [Taking Inventory]
[23:55:38] [Client thread/INFO]: [CHAT] Player107 has just earned the achievement [Taking Inventory]
[23:56:11] [Server thread/INFO]: Saving and pausing game...
[23:56:11] [Server thread/INFO]: Saving chunks for level 'New World'/Overworld
[23:56:11] [Server thread/INFO]: Saving chunks for level 'New World'/Nether
[23:56:11] [Server thread/INFO]: Saving chunks for level 'New World'/The End
[23:56:11] [Server thread/INFO]: Saving chunks for level 'New World'/Magic World
[23:56:13] [Server thread/INFO]: Stopping server
[23:56:13] [Server thread/INFO]: Saving players
[23:56:13] [Server thread/INFO]: Saving worlds
[23:56:13] [Server thread/INFO]: Saving chunks for level 'New World'/Overworld
[23:56:13] [Server thread/INFO]: Saving chunks for level 'New World'/Nether
[23:56:13] [Server thread/INFO]: Saving chunks for level 'New World'/The End
[23:56:13] [Server thread/INFO]: Saving chunks for level 'New World'/Magic World
[23:56:15] [Client thread/INFO]: Stopping!
[23:56:15] [Client thread/INFO]: SoundSystem shutting down...
[23:56:15] [Client thread/WARN]: Author: Paul Lamb, www.paulscode.com
