#
# A fatal error has been detected by the Java Runtime Environment:
#
#  SIGSEGV (0xb) at pc=0x00007f256b1f6162, pid=21121, tid=0x00007f2534eff700
#
# JRE version: Java(TM) SE Runtime Environment (8.0_144-b01) (build 1.8.0_144-b01)
# Java VM: Java HotSpot(TM) 64-Bit Server VM (25.144-b01 mixed mode linux-amd64 compressed oops)
# Problematic frame:
# V  [libjvm.so+0x64b162]  InstanceKlass::oop_follow_contents(oopDesc*)+0x192
#
# Failed to write core dump. Core dumps have been disabled. To enable core dumping, try "ulimit -c unlimited" before starting Java again
#
# If you would like to submit a bug report, please visit:
#   http://bugreport.java.com/bugreport/crash.jsp
#

---------------  T H R E A D  ---------------

Current thread (0x00007f25640ef800):  VMThread [stack: 0x00007f2534dff000,0x00007f2534f00000] [id=21140]

siginfo: si_signo: 11 (SIGSEGV), si_code: 1 (SEGV_MAPERR), si_addr: 0x00000000464c457c

Registers:
RAX=0x00007f256bb417d0, RBX=0x00000000d5b34a78, RCX=0x0000000000000000, RDX=0x00000000464c457c
RSP=0x00007f2534efdac0, RBP=0x00007f2534efdb00, RSI=0x00000000d5b34a78, RDI=0x000000010014e900
R8 =0x0000000000000000, R9 =0x00007f251c000070, R10=0x00007f256bb6e3e0, R11=0x00007f256b424a90
R12=0x00000000464c457c, R13=0x00000000d5b34a84, R14=0x000000010014ed68, R15=0x00000000d5b34aa0
RIP=0x00007f256b1f6162, EFLAGS=0x0000000000010202, CSGSFS=0xffff000000000033, ERR=0x0000000000000004
  TRAPNO=0x000000000000000e

Top of Stack: (sp=0x00007f2534efdac0)
0x00007f2534efdac0:   00000000de14ddf0 00000000d5b34a78
0x00007f2534efdad0:   000000010014ed70 00000000d5b34a78
0x00007f2534efdae0:   00007f251c013fc0 00007f256bb65cf9
0x00007f2534efdaf0:   00007f256bb6e380 00007f2566a05000
0x00007f2534efdb00:   00007f2534efdbd0 00007f256b424fff
0x00007f2534efdb10:   00007f2534efdb70 00007f2534efdb40
0x00007f2534efdb20:   00007f2508783a30 0000000100000000
0x00007f2534efdb30:   00007f2534870a98 00007f250000000f
0x00007f2534efdb40:   00007f256c773978 00007f256c773978
0x00007f2534efdb50:   00007f2508781390 0000000000000000
0x00007f2534efdb60:   00007f2534870a98 00007f250000000f
0x00007f2534efdb70:   00007f2508783a80 0000000000000000
0x00007f2534efdb80:   00007f2534870a98 00007f250000000f
0x00007f2534efdb90:   00007f2508783aa0 00007f256baf51f0
0x00007f2534efdba0:   00007f2500000000 00007f2566a05000
0x00007f2534efdbb0:   0000000000000001 00007f2534efe310
0x00007f2534efdbc0:   00007f256bb6e380 00007f2566a05000
0x00007f2534efdbd0:   00007f2534efe250 00007f256b61c97d
0x00007f2534efdbe0:   00007f256b6c9690 00007f256b6c9696
0x00007f2534efdbf0:   00007f2534efe310 00007f256bb6e3e0
0x00007f2534efdc00:   000000030000000a 0000000000000001
0x00007f2534efdc10:   00007f2534efdd60 0000000000000000
0x00007f2534efdc20:   0101010000000001 00007f2508783f01
0x00007f2534efdc30:   00007f25087b9270 00007f25087b9280
0x00007f2534efdc40:   00007f2534efdd30 00007f25087b9120
0x00007f2534efdc50:   0000000000000000 00007f256baf51f0
0x00007f2534efdc60:   00007f2500000000 00007f25351ae1e0
0x00007f2534efdc70:   00007f2500000000 00000000640d6cd0
0x00007f2534efdc80:   00007f2500000000 00007f256b55f230
0x00007f2534efdc90:   0000000000000000 00007f24fcce8698
0x00007f2534efdca0:   00007f2534efddd0 00007f24fcce8678
0x00007f2534efdcb0:   00007f2534efdd50 00007f256b4c3de1 

Instructions: (pc=0x00007f256b1f6162)
0x00007f256b1f6142:   86 d9 01 00 00 41 8b 55 00 85 d2 74 eb 48 8b 05
0x00007f256b1f6152:   9a 8a 92 00 41 89 d4 8b 48 08 49 d3 e4 4c 03 20
0x00007f256b1f6162:   49 8b 04 24 83 e0 03 48 83 f8 03 74 cb 48 8b 05
0x00007f256b1f6172:   8a b7 92 00 80 38 00 0f 85 81 02 00 00 48 8b 05 

Register to memory mapping:

RAX=0x00007f256bb417d0: <offset 0xf967d0> in /usr/lib/jvm/java-8-oracle/jre/lib/amd64/server/libjvm.so at 0x00007f256abab000
RBX=0x00000000d5b34a78 is an oop
com.google.common.collect.SingletonImmutableBiMap 
 - klass: 'com/google/common/collect/SingletonImmutableBiMap'
RCX=0x0000000000000000 is an unknown value
RDX=0x00000000464c457c is an unknown value
RSP=0x00007f2534efdac0 is an unknown value
RBP=0x00007f2534efdb00 is an unknown value
RSI=0x00000000d5b34a78 is an oop
com.google.common.collect.SingletonImmutableBiMap 
 - klass: 'com/google/common/collect/SingletonImmutableBiMap'
RDI=0x000000010014e900 is pointing into metadata
R8 =0x0000000000000000 is an unknown value
R9 =0x00007f251c000070 is an unknown value
R10=0x00007f256bb6e3e0: <offset 0xfc33e0> in /usr/lib/jvm/java-8-oracle/jre/lib/amd64/server/libjvm.so at 0x00007f256abab000
R11=0x00007f256b424a90: <offset 0x879a90> in /usr/lib/jvm/java-8-oracle/jre/lib/amd64/server/libjvm.so at 0x00007f256abab000
R12=0x00000000464c457c is an unknown value
R13=0x00000000d5b34a84 is pointing into object: 0x00000000d5b34a78
com.google.common.collect.SingletonImmutableBiMap 
 - klass: 'com/google/common/collect/SingletonImmutableBiMap'
R14=0x000000010014ed68 is pointing into metadata
R15=0x00000000d5b34aa0 is an oop
com.google.common.collect.SingletonImmutableBiMap 
 - klass: 'com/google/common/collect/SingletonImmutableBiMap'


Stack: [0x00007f2534dff000,0x00007f2534f00000],  sp=0x00007f2534efdac0,  free space=1018k
Native frames: (J=compiled Java code, j=interpreted, Vv=VM code, C=native code)
V  [libjvm.so+0x64b162]  InstanceKlass::oop_follow_contents(oopDesc*)+0x192
V  [libjvm.so+0x879fff]  MarkSweep::follow_stack()+0x5f
V  [libjvm.so+0xa7197d]  JavaThread::oops_do(OopClosure*, CLDClosure*, CodeBlobClosure*)+0x3d
V  [libjvm.so+0xa727b9]  Threads::possibly_parallel_oops_do(OopClosure*, CLDClosure*, CodeBlobClosure*)+0x69
V  [libjvm.so+0x5ec571]  GenCollectedHeap::process_roots(bool, GenCollectedHeap::ScanningOption, OopClosure*, OopClosure*, CLDClosure*, CLDClosure*, CodeBlobClosure*)+0x71
V  [libjvm.so+0x5ec7ee]  GenCollectedHeap::gen_process_roots(int, bool, bool, GenCollectedHeap::ScanningOption, bool, OopsInGenClosure*, OopsInGenClosure*, CLDClosure*)+0x8e
V  [libjvm.so+0x5eef3d]  GenMarkSweep::mark_sweep_phase1(int, bool)+0xfd
V  [libjvm.so+0x5ef4e5]  GenMarkSweep::invoke_at_safepoint(int, ReferenceProcessor*, bool)+0x1c5
V  [libjvm.so+0x4e7e99]  CMSCollector::do_compaction_work(bool)+0x229
V  [libjvm.so+0x4e82bc]  CMSCollector::acquire_control_and_collect(bool, bool)+0x14c
V  [libjvm.so+0x4e869e]  ConcurrentMarkSweepGeneration::collect(bool, bool, unsigned long, bool)+0x8e
V  [libjvm.so+0x5ee11a]  GenCollectedHeap::do_collection(bool, bool, unsigned long, bool, int)+0x54a
V  [libjvm.so+0x5ee907]  GenCollectedHeap::do_full_collection(bool, int)+0x47
V  [libjvm.so+0xacc2cb]  VM_GenCollectFull::doit()+0x9b
V  [libjvm.so+0xad4685]  VM_Operation::evaluate()+0x55
V  [libjvm.so+0xad2a5a]  VMThread::evaluate_operation(VM_Operation*)+0xba
V  [libjvm.so+0xad2dde]  VMThread::loop()+0x1ce
V  [libjvm.so+0xad3250]  VMThread::run()+0x70
V  [libjvm.so+0x92a338]  java_start(Thread*)+0x108

VM_Operation (0x00007f256c7719b0): GenCollectFull, mode: safepoint, requested by thread 0x00007f256400e000


---------------  P R O C E S S  ---------------

Java Threads: ( => current thread )
  0x00007f2566a05000 JavaThread "pool-2-thread-1" [_thread_blocked, id=21194, stack(0x00007f24c1ec6000,0x00007f24c1fc7000)]
  0x00007f24b07c1000 JavaThread "File IO Thread" [_thread_blocked, id=21193, stack(0x00007f24d8eb2000,0x00007f24d8fb3000)]
  0x00007f24c4003800 JavaThread "Netty Server IO #1" daemon [_thread_in_native, id=21186, stack(0x00007f24d91b3000,0x00007f24d92b4000)]
  0x00007f256627c000 JavaThread "Netty Local Client IO #0" daemon [_thread_blocked, id=21185, stack(0x00007f24d92b4000,0x00007f24d93b5000)]
  0x00007f25662b7800 JavaThread "Netty Server IO #0" daemon [_thread_in_native, id=21182, stack(0x00007f24d34df000,0x00007f24d35e0000)]
  0x00007f24a8001000 JavaThread "Thread-10" [_thread_blocked, id=21174, stack(0x00007f24d23dc000,0x00007f24d24dd000)]
  0x00007f24b0001000 JavaThread "Thread-9" [_thread_blocked, id=21173, stack(0x00007f24d20db000,0x00007f24d21dc000)]
  0x00007f256526c800 JavaThread "process reaper" daemon [_thread_blocked, id=21158, stack(0x00007f24fabda000,0x00007f24fac13000)]
  0x00007f2565256000 JavaThread "Timer hack thread" daemon [_thread_blocked, id=21156, stack(0x00007f24fae13000,0x00007f24faf14000)]
  0x00007f2564fa7000 JavaThread "Snooper Timer" daemon [_thread_blocked, id=21154, stack(0x00007f24faa03000,0x00007f24fab04000)]
  0x00007f2564f3b000 JavaThread "AWT-XAWT" daemon [_thread_in_native, id=21153, stack(0x00007f24f8346000,0x00007f24f8447000)]
  0x00007f2564ef0800 JavaThread "Java2D Disposer" daemon [_thread_blocked, id=21152, stack(0x00007f24f8858000,0x00007f24f8959000)]
  0x00007f256414c000 JavaThread "Service Thread" daemon [_thread_blocked, id=21149, stack(0x00007f253436d000,0x00007f253446e000)]
  0x00007f2564139000 JavaThread "C1 CompilerThread3" daemon [_thread_blocked, id=21148, stack(0x00007f253446e000,0x00007f253456f000)]
  0x00007f2564137000 JavaThread "C2 CompilerThread2" daemon [_thread_blocked, id=21147, stack(0x00007f253456f000,0x00007f2534670000)]
  0x00007f2564134800 JavaThread "C2 CompilerThread1" daemon [_thread_blocked, id=21146, stack(0x00007f2534670000,0x00007f2534771000)]
  0x00007f2564132800 JavaThread "C2 CompilerThread0" daemon [_thread_blocked, id=21145, stack(0x00007f2534771000,0x00007f2534872000)]
  0x00007f2564130800 JavaThread "Signal Dispatcher" daemon [_thread_blocked, id=21144, stack(0x00007f2534872000,0x00007f2534973000)]
  0x00007f256412f000 JavaThread "Surrogate Locker Thread (Concurrent GC)" daemon [_thread_blocked, id=21143, stack(0x00007f2534973000,0x00007f2534a74000)]
  0x00007f25640fb800 JavaThread "Finalizer" daemon [_thread_blocked, id=21142, stack(0x00007f2534bfd000,0x00007f2534cfe000)]
  0x00007f25640f7000 JavaThread "Reference Handler" daemon [_thread_blocked, id=21141, stack(0x00007f2534cfe000,0x00007f2534dff000)]
  0x00007f256400e000 JavaThread "Client thread" [_thread_blocked, id=21127, stack(0x00007f256c674000,0x00007f256c775000)]

Other Threads:
=>0x00007f25640ef800 VMThread [stack: 0x00007f2534dff000,0x00007f2534f00000] [id=21140]
  0x00007f256414f800 WatcherThread [stack: 0x00007f253426c000,0x00007f253436d000] [id=21150]

VM state:at safepoint (normal execution)

VM Mutex/Monitor currently owned by a thread:  ([mutex/lock_event])
[0x00007f256400a5e0] Threads_lock - owner thread: 0x00007f25640ef800
[0x00007f256400ab60] Heap_lock - owner thread: 0x00007f256400e000

Heap:
 par new generation   total 314560K, used 7738K [0x00000000c0000000, 0x00000000d5550000, 0x00000000d5550000)
  eden space 279616K,   2% used [0x00000000c0000000, 0x00000000c078ea58, 0x00000000d1110000)
  from space 34944K,   0% used [0x00000000d1110000, 0x00000000d1110000, 0x00000000d3330000)
  to   space 34944K,   0% used [0x00000000d3330000, 0x00000000d3330000, 0x00000000d5550000)
 concurrent mark-sweep generation total 699072K, used 300193K [0x00000000d5550000, 0x0000000100000000, 0x0000000100000000)
 Metaspace       used 49927K, capacity 50389K, committed 50816K, reserved 1093632K
  class space    used 6023K, capacity 6157K, committed 6272K, reserved 1048576K

Card table byte_map: [0x00007f2568a4c000,0x00007f2568c4d000] byte_map_base: 0x00007f256844c000

Marking Bits: (CMSBitMap*) 0x00007f2564097bf8
 Bits: [0x00007f2554555000, 0x00007f2554fffc00)

Mod Union Table: (CMSBitMap*) 0x00007f2564097cb8
 Bits: [0x00007f256c649000, 0x00007f256c673ab0)

Polling page: 0x00007f256c7a1000

CodeCache: size=245760Kb used=33787Kb max_used=33997Kb free=211972Kb
 bounds [0x00007f2555000000, 0x00007f2557190000, 0x00007f2564000000]
 total_blobs=9798 nmethods=8836 adapters=873
 compilation: enabled

Compilation events (10 events):
Event: 55,577 Thread 0x00007f2564139000 12804       3       net.minecraftforge.client.event.GuiScreenEvent$MouseInputEvent$Post::setup (26 bytes)
Event: 55,579 Thread 0x00007f2564139000 nmethod 12804 0x00007f25564be0d0 code [0x00007f25564be3e0, 0x00007f25564bfc48]
Event: 55,645 Thread 0x00007f2564139000 12805   !   3       org.lwjgl.input.Mouse::getEventButtonState (17 bytes)
Event: 55,645 Thread 0x00007f2564139000 nmethod 12805 0x00007f2556476910 code [0x00007f2556476a80, 0x00007f2556476cf0]
Event: 55,646 Thread 0x00007f2564132800 12806       4       java.nio.HeapByteBuffer::put (167 bytes)
Event: 55,651 Thread 0x00007f2564132800 nmethod 12806 0x00007f2556c35190 code [0x00007f2556c35300, 0x00007f2556c35638]
Event: 55,743 Thread 0x00007f2564139000 12807       3       net.minecraft.client.gui.GuiListWorldSelection::getSize (10 bytes)
Event: 55,743 Thread 0x00007f2564139000 nmethod 12807 0x00007f2556c34d50 code [0x00007f2556c34ec0, 0x00007f2556c350e8]
Event: 55,776 Thread 0x00007f2564139000 12808       3       net.minecraft.client.gui.GuiListWorldSelection::getListWidth (8 bytes)
Event: 55,777 Thread 0x00007f2564139000 nmethod 12808 0x00007f25567a9b10 code [0x00007f25567a9c80, 0x00007f25567a9e30]

GC Heap History (10 events):
Event: 37,787 GC heap after
Heap after GC invocations=29 (full 12):
 par new generation   total 314560K, used 19057K [0x00000000c0000000, 0x00000000d5550000, 0x00000000d5550000)
  eden space 279616K,   0% used [0x00000000c0000000, 0x00000000c0000000, 0x00000000d1110000)
  from space 34944K,  54% used [0x00000000d3330000, 0x00000000d45cc5e8, 0x00000000d5550000)
  to   space 34944K,   0% used [0x00000000d1110000, 0x00000000d1110000, 0x00000000d3330000)
 concurrent mark-sweep generation total 699072K, used 298594K [0x00000000d5550000, 0x0000000100000000, 0x0000000100000000)
 Metaspace       used 49321K, capacity 49717K, committed 49920K, reserved 1093632K
  class space    used 6004K, capacity 6125K, committed 6144K, reserved 1048576K
}
Event: 40,978 GC heap before
{Heap before GC invocations=29 (full 12):
 par new generation   total 314560K, used 298673K [0x00000000c0000000, 0x00000000d5550000, 0x00000000d5550000)
  eden space 279616K, 100% used [0x00000000c0000000, 0x00000000d1110000, 0x00000000d1110000)
  from space 34944K,  54% used [0x00000000d3330000, 0x00000000d45cc5e8, 0x00000000d5550000)
  to   space 34944K,   0% used [0x00000000d1110000, 0x00000000d1110000, 0x00000000d3330000)
 concurrent mark-sweep generation total 699072K, used 298594K [0x00000000d5550000, 0x0000000100000000, 0x0000000100000000)
 Metaspace       used 49549K, capacity 49973K, committed 50176K, reserved 1093632K
  class space    used 6010K, capacity 6125K, committed 6144K, reserved 1048576K
Event: 40,990 GC heap after
Heap after GC invocations=30 (full 12):
 par new generation   total 314560K, used 17815K [0x00000000c0000000, 0x00000000d5550000, 0x00000000d5550000)
  eden space 279616K,   0% used [0x00000000c0000000, 0x00000000c0000000, 0x00000000d1110000)
  from space 34944K,  50% used [0x00000000d1110000, 0x00000000d2275e90, 0x00000000d3330000)
  to   space 34944K,   0% used [0x00000000d3330000, 0x00000000d3330000, 0x00000000d5550000)
 concurrent mark-sweep generation total 699072K, used 298594K [0x00000000d5550000, 0x0000000100000000, 0x0000000100000000)
 Metaspace       used 49549K, capacity 49973K, committed 50176K, reserved 1093632K
  class space    used 6010K, capacity 6125K, committed 6144K, reserved 1048576K
}
Event: 44,475 GC heap before
{Heap before GC invocations=30 (full 12):
 par new generation   total 314560K, used 297431K [0x00000000c0000000, 0x00000000d5550000, 0x00000000d5550000)
  eden space 279616K, 100% used [0x00000000c0000000, 0x00000000d1110000, 0x00000000d1110000)
  from space 34944K,  50% used [0x00000000d1110000, 0x00000000d2275e90, 0x00000000d3330000)
  to   space 34944K,   0% used [0x00000000d3330000, 0x00000000d3330000, 0x00000000d5550000)
 concurrent mark-sweep generation total 699072K, used 298102K [0x00000000d5550000, 0x0000000100000000, 0x0000000100000000)
 Metaspace       used 49636K, capacity 50037K, committed 50432K, reserved 1093632K
  class space    used 6010K, capacity 6125K, committed 6144K, reserved 1048576K
Event: 44,487 GC heap after
Heap after GC invocations=31 (full 12):
 par new generation   total 314560K, used 16374K [0x00000000c0000000, 0x00000000d5550000, 0x00000000d5550000)
  eden space 279616K,   0% used [0x00000000c0000000, 0x00000000c0000000, 0x00000000d1110000)
  from space 34944K,  46% used [0x00000000d3330000, 0x00000000d432d990, 0x00000000d5550000)
  to   space 34944K,   0% used [0x00000000d1110000, 0x00000000d1110000, 0x00000000d3330000)
 concurrent mark-sweep generation total 699072K, used 298102K [0x00000000d5550000, 0x0000000100000000, 0x0000000100000000)
 Metaspace       used 49636K, capacity 50037K, committed 50432K, reserved 1093632K
  class space    used 6010K, capacity 6125K, committed 6144K, reserved 1048576K
}
Event: 48,675 GC heap before
{Heap before GC invocations=31 (full 13):
 par new generation   total 314560K, used 295990K [0x00000000c0000000, 0x00000000d5550000, 0x00000000d5550000)
  eden space 279616K, 100% used [0x00000000c0000000, 0x00000000d1110000, 0x00000000d1110000)
  from space 34944K,  46% used [0x00000000d3330000, 0x00000000d432d990, 0x00000000d5550000)
  to   space 34944K,   0% used [0x00000000d1110000, 0x00000000d1110000, 0x00000000d3330000)
 concurrent mark-sweep generation total 699072K, used 298102K [0x00000000d5550000, 0x0000000100000000, 0x0000000100000000)
 Metaspace       used 49794K, capacity 50261K, committed 50560K, reserved 1093632K
  class space    used 6014K, capacity 6157K, committed 6272K, reserved 1048576K
Event: 48,703 GC heap after
Heap after GC invocations=32 (full 13):
 par new generation   total 314560K, used 13154K [0x00000000c0000000, 0x00000000d5550000, 0x00000000d5550000)
  eden space 279616K,   0% used [0x00000000c0000000, 0x00000000c0000000, 0x00000000d1110000)
  from space 34944K,  37% used [0x00000000d1110000, 0x00000000d1de8a48, 0x00000000d3330000)
  to   space 34944K,   0% used [0x00000000d3330000, 0x00000000d3330000, 0x00000000d5550000)
 concurrent mark-sweep generation total 699072K, used 312331K [0x00000000d5550000, 0x0000000100000000, 0x0000000100000000)
 Metaspace       used 49794K, capacity 50261K, committed 50560K, reserved 1093632K
  class space    used 6014K, capacity 6157K, committed 6272K, reserved 1048576K
}
Event: 52,837 GC heap before
{Heap before GC invocations=32 (full 13):
 par new generation   total 314560K, used 202024K [0x00000000c0000000, 0x00000000d5550000, 0x00000000d5550000)
  eden space 279616K,  67% used [0x00000000c0000000, 0x00000000cb871998, 0x00000000d1110000)
  from space 34944K,  37% used [0x00000000d1110000, 0x00000000d1de8a48, 0x00000000d3330000)
  to   space 34944K,   0% used [0x00000000d3330000, 0x00000000d3330000, 0x00000000d5550000)
 concurrent mark-sweep generation total 699072K, used 312331K [0x00000000d5550000, 0x0000000100000000, 0x0000000100000000)
 Metaspace       used 49900K, capacity 50325K, committed 50816K, reserved 1093632K
  class space    used 6021K, capacity 6157K, committed 6272K, reserved 1048576K
Event: 53,596 GC heap after
Heap after GC invocations=33 (full 14):
 par new generation   total 314560K, used 0K [0x00000000c0000000, 0x00000000d5550000, 0x00000000d5550000)
  eden space 279616K,   0% used [0x00000000c0000000, 0x00000000c0000000, 0x00000000d1110000)
  from space 34944K,   0% used [0x00000000d1110000, 0x00000000d1110000, 0x00000000d3330000)
  to   space 34944K,   0% used [0x00000000d3330000, 0x00000000d3330000, 0x00000000d5550000)
 concurrent mark-sweep generation total 699072K, used 300193K [0x00000000d5550000, 0x0000000100000000, 0x0000000100000000)
 Metaspace       used 49900K, capacity 50325K, committed 50816K, reserved 1093632K
  class space    used 6021K, capacity 6157K, committed 6272K, reserved 1048576K
}
Event: 55,945 GC heap before
{Heap before GC invocations=33 (full 14):
 par new generation   total 314560K, used 7738K [0x00000000c0000000, 0x00000000d5550000, 0x00000000d5550000)
  eden space 279616K,   2% used [0x00000000c0000000, 0x00000000c078ea58, 0x00000000d1110000)
  from space 34944K,   0% used [0x00000000d1110000, 0x00000000d1110000, 0x00000000d3330000)
  to   space 34944K,   0% used [0x00000000d3330000, 0x00000000d3330000, 0x00000000d5550000)
 concurrent mark-sweep generation total 699072K, used 300193K [0x00000000d5550000, 0x0000000100000000, 0x0000000100000000)
 Metaspace       used 49927K, capacity 50389K, committed 50816K, reserved 1093632K
  class space    used 6023K, capacity 6157K, committed 6272K, reserved 1048576K

Deoptimization events (10 events):
Event: 52,720 Thread 0x00007f2564d1c800 Uncommon trap: reason=unstable_if action=reinterpret pc=0x00007f25553626d8 method=java.lang.Long.valueOf(J)Ljava/lang/Long; @ 5
Event: 52,726 Thread 0x00007f2564d1c800 Uncommon trap: reason=unstable_if action=reinterpret pc=0x00007f255608bed0 method=java.util.HashMap.comparableClassFor(Ljava/lang/Object;)Ljava/lang/Class; @ 4
Event: 52,730 Thread 0x00007f2564d1c800 Uncommon trap: reason=unstable_if action=reinterpret pc=0x00007f2555b48ce4 method=java.util.HashMap.putVal(ILjava/lang/Object;Ljava/lang/Object;ZZ)Ljava/lang/Object; @ 109
Event: 52,784 Thread 0x00007f2564d1c800 Uncommon trap: reason=class_check action=maybe_recompile pc=0x00007f25564dae24 method=com.google.common.cache.LocalCache$Segment.drainRecencyQueue()V @ 4
Event: 52,785 Thread 0x00007f2564d1c800 Uncommon trap: reason=class_check action=maybe_recompile pc=0x00007f25564dae24 method=com.google.common.cache.LocalCache$Segment.drainRecencyQueue()V @ 4
Event: 52,785 Thread 0x00007f2564d1c800 Uncommon trap: reason=class_check action=maybe_recompile pc=0x00007f25564dae24 method=com.google.common.cache.LocalCache$Segment.drainRecencyQueue()V @ 4
Event: 52,813 Thread 0x00007f256400e000 Uncommon trap: reason=unstable_if action=reinterpret pc=0x00007f2555445ccc method=net.minecraft.client.renderer.chunk.RenderChunk.setNeedsUpdate(Z)V @ 4
Event: 53,615 Thread 0x00007f2564d1c800 Uncommon trap: reason=class_check action=maybe_recompile pc=0x00007f25564dae24 method=com.google.common.cache.LocalCache$Segment.drainRecencyQueue()V @ 4
Event: 54,648 Thread 0x00007f256400e000 Uncommon trap: reason=unstable_if action=reinterpret pc=0x00007f2555aebe04 method=java.text.SimpleDateFormat.subFormat(IILjava/text/Format$FieldDelegate;Ljava/lang/StringBuffer;Z)V @ 317
Event: 55,945 Thread 0x00007f256400e000 Uncommon trap: reason=unstable_if action=reinterpret pc=0x00007f25568e697c method=net.minecraft.client.Minecraft.getConnection()Lnet/minecraft/client/network/NetHandlerPlayClient; @ 4

Internal exceptions (10 events):
Event: 52,516 Thread 0x00007f24b0001000 Exception <a 'java/lang/InterruptedException': sleep interrupted> (0x00000000caf767f0) thrown at [/HUDSON3/workspace/8-2-build-linux-amd64/jdk8u144/9417/hotspot/src/share/vm/prims/jvm.cpp, line 3228]
Event: 52,532 Thread 0x00007f24b0001000 Exception <a 'java/lang/InterruptedException': sleep interrupted> (0x00000000caf76a98) thrown at [/HUDSON3/workspace/8-2-build-linux-amd64/jdk8u144/9417/hotspot/src/share/vm/prims/jvm.cpp, line 3228]
Event: 52,549 Thread 0x00007f24b0001000 Exception <a 'java/lang/InterruptedException': sleep interrupted> (0x00000000caf76d40) thrown at [/HUDSON3/workspace/8-2-build-linux-amd64/jdk8u144/9417/hotspot/src/share/vm/prims/jvm.cpp, line 3228]
Event: 52,566 Thread 0x00007f24b0001000 Exception <a 'java/lang/InterruptedException': sleep interrupted> (0x00000000caf76fe8) thrown at [/HUDSON3/workspace/8-2-build-linux-amd64/jdk8u144/9417/hotspot/src/share/vm/prims/jvm.cpp, line 3228]
Event: 52,582 Thread 0x00007f24b0001000 Exception <a 'java/lang/InterruptedException': sleep interrupted> (0x00000000caf77290) thrown at [/HUDSON3/workspace/8-2-build-linux-amd64/jdk8u144/9417/hotspot/src/share/vm/prims/jvm.cpp, line 3228]
Event: 52,599 Thread 0x00007f24b0001000 Exception <a 'java/lang/InterruptedException': sleep interrupted> (0x00000000caf77538) thrown at [/HUDSON3/workspace/8-2-build-linux-amd64/jdk8u144/9417/hotspot/src/share/vm/prims/jvm.cpp, line 3228]
Event: 52,615 Thread 0x00007f24b0001000 Exception <a 'java/lang/InterruptedException': sleep interrupted> (0x00000000caf777e0) thrown at [/HUDSON3/workspace/8-2-build-linux-amd64/jdk8u144/9417/hotspot/src/share/vm/prims/jvm.cpp, line 3228]
Event: 52,632 Thread 0x00007f24b0001000 Exception <a 'java/lang/InterruptedException': sleep interrupted> (0x00000000caf77a88) thrown at [/HUDSON3/workspace/8-2-build-linux-amd64/jdk8u144/9417/hotspot/src/share/vm/prims/jvm.cpp, line 3228]
Event: 52,649 Thread 0x00007f24b0001000 Exception <a 'java/lang/InterruptedException': sleep interrupted> (0x00000000caf77d30) thrown at [/HUDSON3/workspace/8-2-build-linux-amd64/jdk8u144/9417/hotspot/src/share/vm/prims/jvm.cpp, line 3228]
Event: 55,945 Thread 0x00007f256400e000 Implicit null exception at 0x00007f25568e6953 to 0x00007f25568e6969

Events (10 events):
Event: 53,617 loading class sun/reflect/UnsafeBooleanFieldAccessorImpl
Event: 53,617 loading class sun/reflect/UnsafeBooleanFieldAccessorImpl done
Event: 53,617 Thread 0x00007f2564d1c800 Thread exited: 0x00007f2564d1c800
Event: 54,648 Thread 0x00007f256400e000 Uncommon trap: trap_request=0xffffff65 fr.pc=0x00007f2555aebe04
Event: 54,649 Thread 0x00007f256400e000 DEOPT PACKING pc=0x00007f2555aebe04 sp=0x00007f256c7718d0
Event: 54,649 Thread 0x00007f256400e000 DEOPT UNPACKING pc=0x00007f2555005229 sp=0x00007f256c7718c8 mode 2
Event: 55,945 Thread 0x00007f256400e000 Uncommon trap: trap_request=0xffffff65 fr.pc=0x00007f25568e697c
Event: 55,945 Thread 0x00007f256400e000 DEOPT PACKING pc=0x00007f25568e697c sp=0x00007f256c771b00
Event: 55,945 Thread 0x00007f256400e000 DEOPT UNPACKING pc=0x00007f2555005229 sp=0x00007f256c771ac8 mode 2
Event: 55,945 Executing VM operation: GenCollectFull


Dynamic libraries:
00400000-00401000 r-xp 00000000 08:21 4859777                            /usr/lib/jvm/java-8-oracle/bin/java
00600000-00601000 rw-p 00000000 08:21 4859777                            /usr/lib/jvm/java-8-oracle/bin/java
0182b000-0184c000 rw-p 00000000 00:00 0                                  [heap]
40c9c000-40d38000 rw-p 00000000 00:00 0 
40d64000-40e00000 rw-p 00000000 00:00 0 
41e77000-41e79000 r-xs 00000000 08:21 6141547                            /tmp/.glzdghTq (deleted)
c0000000-100620000 rw-p 00000000 00:00 0 
100620000-140000000 ---p 00000000 00:00 0 
7f2470000000-7f247354a000 rw-p 00000000 00:00 0 
7f247354a000-7f2474000000 ---p 00000000 00:00 0 
7f2474000000-7f2474021000 rw-p 00000000 00:00 0 
7f2474021000-7f2478000000 ---p 00000000 00:00 0 
7f2478000000-7f247bc01000 rw-p 00000000 00:00 0 
7f247bc01000-7f247c000000 ---p 00000000 00:00 0 
7f247c000000-7f247fc01000 rw-p 00000000 00:00 0 
7f247fc01000-7f2480000000 ---p 00000000 00:00 0 
7f2480000000-7f2483b81000 rw-p 00000000 00:00 0 
7f2483b81000-7f2484000000 ---p 00000000 00:00 0 
7f2484000000-7f2487c01000 rw-p 00000000 00:00 0 
7f2487c01000-7f2488000000 ---p 00000000 00:00 0 
7f2488000000-7f2488021000 rw-p 00000000 00:00 0 
7f2488021000-7f248c000000 ---p 00000000 00:00 0 
7f248c000000-7f248c021000 rw-p 00000000 00:00 0 
7f248c021000-7f2490000000 ---p 00000000 00:00 0 
7f2490000000-7f2490021000 rw-p 00000000 00:00 0 
7f2490021000-7f2494000000 ---p 00000000 00:00 0 
7f2494000000-7f2494021000 rw-p 00000000 00:00 0 
7f2494021000-7f2498000000 ---p 00000000 00:00 0 
7f2498000000-7f249804a000 rw-p 00000000 00:00 0 
7f249804a000-7f249c000000 ---p 00000000 00:00 0 
7f249c000000-7f249c021000 rw-p 00000000 00:00 0 
7f249c021000-7f24a0000000 ---p 00000000 00:00 0 
7f24a0000000-7f24a006c000 rw-p 00000000 00:00 0 
7f24a006c000-7f24a4000000 ---p 00000000 00:00 0 
7f24a4000000-7f24a4021000 rw-p 00000000 00:00 0 
7f24a4021000-7f24a8000000 ---p 00000000 00:00 0 
7f24a8000000-7f24a8109000 rw-p 00000000 00:00 0 
7f24a8109000-7f24ac000000 ---p 00000000 00:00 0 
7f24ac000000-7f24ac021000 rw-p 00000000 00:00 0 
7f24ac021000-7f24b0000000 ---p 00000000 00:00 0 
7f24b0000000-7f24b18ae000 rw-p 00000000 00:00 0 
7f24b18ae000-7f24b4000000 ---p 00000000 00:00 0 
7f24b7fff000-7f24bc000000 rw-s 00000000 00:11 11562028                   /dev/shm/pulse-shm-1039049211
7f24bc000000-7f24bc021000 rw-p 00000000 00:00 0 
7f24bc021000-7f24c0000000 ---p 00000000 00:00 0 
7f24c1cc6000-7f24c1e46000 rw-p 00000000 00:00 0 
7f24c1e46000-7f24c1ec6000 ---p 00000000 00:00 0 
7f24c1ec6000-7f24c1ec9000 ---p 00000000 00:00 0 
7f24c1ec9000-7f24c1fc7000 rw-p 00000000 00:00 0                          [stack:21194]
7f24c1fc7000-7f24c1fca000 ---p 00000000 00:00 0 
7f24c1fca000-7f24c20c8000 rw-p 00000000 00:00 0 
7f24c20c8000-7f24c20cb000 ---p 00000000 00:00 0 
7f24c20cb000-7f24c21c9000 rw-p 00000000 00:00 0 
7f24c21c9000-7f24c21cc000 ---p 00000000 00:00 0 
7f24c21cc000-7f24c22ca000 rw-p 00000000 00:00 0 
7f24c22ca000-7f24c22cd000 ---p 00000000 00:00 0 
7f24c22cd000-7f24c23cb000 rw-p 00000000 00:00 0 
7f24c23cb000-7f24c23ce000 ---p 00000000 00:00 0 
7f24c23ce000-7f24c26cc000 rw-p 00000000 00:00 0 
7f24c26cc000-7f24c26cf000 ---p 00000000 00:00 0 
7f24c26cf000-7f24c27cd000 rw-p 00000000 00:00 0 
7f24c27cd000-7f24c27ce000 ---p 00000000 00:00 0 
7f24c27ce000-7f24c2fce000 rw-p 00000000 00:00 0                          [stack:21176]
7f24c2fce000-7f24c2ff9000 r-xp 00000000 08:21 4210298                    /usr/lib/x86_64-linux-gnu/libvorbis.so.0.4.7
7f24c2ff9000-7f24c31f9000 ---p 0002b000 08:21 4210298                    /usr/lib/x86_64-linux-gnu/libvorbis.so.0.4.7
7f24c31f9000-7f24c31fa000 r--p 0002b000 08:21 4210298                    /usr/lib/x86_64-linux-gnu/libvorbis.so.0.4.7
7f24c31fa000-7f24c31fb000 rw-p 0002c000 08:21 4210298                    /usr/lib/x86_64-linux-gnu/libvorbis.so.0.4.7
7f24c31fb000-7f24c3202000 r-xp 00000000 08:21 4210290                    /usr/lib/x86_64-linux-gnu/libogg.so.0.8.2
7f24c3202000-7f24c3402000 ---p 00007000 08:21 4210290                    /usr/lib/x86_64-linux-gnu/libogg.so.0.8.2
7f24c3402000-7f24c3403000 r--p 00007000 08:21 4210290                    /usr/lib/x86_64-linux-gnu/libogg.so.0.8.2
7f24c3403000-7f24c3404000 rw-p 00008000 08:21 4210290                    /usr/lib/x86_64-linux-gnu/libogg.so.0.8.2
7f24c3404000-7f24c3415000 r-xp 00000000 08:21 1182021                    /lib/x86_64-linux-gnu/libgpg-error.so.0.13.0
7f24c3415000-7f24c3614000 ---p 00011000 08:21 1182021                    /lib/x86_64-linux-gnu/libgpg-error.so.0.13.0
7f24c3614000-7f24c3615000 r--p 00010000 08:21 1182021                    /lib/x86_64-linux-gnu/libgpg-error.so.0.13.0
7f24c3615000-7f24c3616000 rw-p 00011000 08:21 1182021                    /lib/x86_64-linux-gnu/libgpg-error.so.0.13.0
7f24c3616000-7f24c36a7000 r-xp 00000000 08:21 4210301                    /usr/lib/x86_64-linux-gnu/libvorbisenc.so.2.0.10
7f24c36a7000-7f24c38a6000 ---p 00091000 08:21 4210301                    /usr/lib/x86_64-linux-gnu/libvorbisenc.so.2.0.10
7f24c38a6000-7f24c38c8000 r--p 00090000 08:21 4210301                    /usr/lib/x86_64-linux-gnu/libvorbisenc.so.2.0.10
7f24c38c8000-7f24c38c9000 rw-p 000b2000 08:21 4210301                    /usr/lib/x86_64-linux-gnu/libvorbisenc.so.2.0.10
7f24c38c9000-7f24c38fa000 r-xp 00000000 08:21 4210331                    /usr/lib/x86_64-linux-gnu/libFLAC.so.8.3.0
7f24c38fa000-7f24c3afa000 ---p 00031000 08:21 4210331                    /usr/lib/x86_64-linux-gnu/libFLAC.so.8.3.0
7f24c3afa000-7f24c3afb000 r--p 00031000 08:21 4210331                    /usr/lib/x86_64-linux-gnu/libFLAC.so.8.3.0
7f24c3afb000-7f24c3afc000 rw-p 00032000 08:21 4210331                    /usr/lib/x86_64-linux-gnu/libFLAC.so.8.3.0
7f24c3afc000-7f24c3bd4000 r-xp 00000000 08:21 1182131                    /lib/x86_64-linux-gnu/libgcrypt.so.20.0.3
7f24c3bd4000-7f24c3dd3000 ---p 000d8000 08:21 1182131                    /lib/x86_64-linux-gnu/libgcrypt.so.20.0.3
7f24c3dd3000-7f24c3dd4000 r--p 000d7000 08:21 1182131                    /lib/x86_64-linux-gnu/libgcrypt.so.20.0.3
7f24c3dd4000-7f24c3ddd000 rw-p 000d8000 08:21 1182131                    /lib/x86_64-linux-gnu/libgcrypt.so.20.0.3
7f24c3ddd000-7f24c3dff000 r-xp 00000000 08:21 1181992                    /lib/x86_64-linux-gnu/liblzma.so.5.0.0
7f24c3dff000-7f24c3ffe000 ---p 00022000 08:21 1181992                    /lib/x86_64-linux-gnu/liblzma.so.5.0.0
7f24c3ffe000-7f24c3fff000 r--p 00021000 08:21 1181992                    /lib/x86_64-linux-gnu/liblzma.so.5.0.0
7f24c3fff000-7f24c4000000 rw-p 00022000 08:21 1181992                    /lib/x86_64-linux-gnu/liblzma.so.5.0.0
7f24c4000000-7f24c4021000 rw-p 00000000 00:00 0 
7f24c4021000-7f24c8000000 ---p 00000000 00:00 0 
7f24c8000000-7f24c80fd000 rw-p 00000000 00:00 0 
7f24c80fd000-7f24cc000000 ---p 00000000 00:00 0 
7f24cc000000-7f24cc083000 rw-p 00000000 00:00 0 
7f24cc083000-7f24d0000000 ---p 00000000 00:00 0 
7f24d0090000-7f24d0094000 r-xp 00000000 08:21 1182061                    /lib/x86_64-linux-gnu/libuuid.so.1.3.0
7f24d0094000-7f24d0293000 ---p 00004000 08:21 1182061                    /lib/x86_64-linux-gnu/libuuid.so.1.3.0
7f24d0293000-7f24d0294000 r--p 00003000 08:21 1182061                    /lib/x86_64-linux-gnu/libuuid.so.1.3.0
7f24d0294000-7f24d0295000 rw-p 00004000 08:21 1182061                    /lib/x86_64-linux-gnu/libuuid.so.1.3.0
7f24d0295000-7f24d0299000 r-xp 00000000 08:21 1181980                    /lib/x86_64-linux-gnu/libattr.so.1.1.0
7f24d0299000-7f24d0498000 ---p 00004000 08:21 1181980                    /lib/x86_64-linux-gnu/libattr.so.1.1.0
7f24d0498000-7f24d0499000 r--p 00003000 08:21 1181980                    /lib/x86_64-linux-gnu/libattr.so.1.1.0
7f24d0499000-7f24d049a000 rw-p 00004000 08:21 1181980                    /lib/x86_64-linux-gnu/libattr.so.1.1.0
7f24d049a000-7f24d049f000 r-xp 00000000 08:21 4210319                    /usr/lib/x86_64-linux-gnu/libasyncns.so.0.3.1
7f24d049f000-7f24d069e000 ---p 00005000 08:21 4210319                    /usr/lib/x86_64-linux-gnu/libasyncns.so.0.3.1
7f24d069e000-7f24d069f000 r--p 00004000 08:21 4210319                    /usr/lib/x86_64-linux-gnu/libasyncns.so.0.3.1
7f24d069f000-7f24d06a0000 rw-p 00005000 08:21 4210319                    /usr/lib/x86_64-linux-gnu/libasyncns.so.0.3.1
7f24d06a0000-7f24d0702000 r-xp 00000000 08:21 4210333                    /usr/lib/x86_64-linux-gnu/libsndfile.so.1.0.25
7f24d0702000-7f24d0902000 ---p 00062000 08:21 4210333                    /usr/lib/x86_64-linux-gnu/libsndfile.so.1.0.25
7f24d0902000-7f24d0904000 r--p 00062000 08:21 4210333                    /usr/lib/x86_64-linux-gnu/libsndfile.so.1.0.25
7f24d0904000-7f24d0905000 rw-p 00064000 08:21 4210333                    /usr/lib/x86_64-linux-gnu/libsndfile.so.1.0.25
7f24d0905000-7f24d0909000 rw-p 00000000 00:00 0 
7f24d0909000-7f24d0912000 r-xp 00000000 08:21 1182463                    /lib/x86_64-linux-gnu/libwrap.so.0.7.6
7f24d0912000-7f24d0b11000 ---p 00009000 08:21 1182463                    /lib/x86_64-linux-gnu/libwrap.so.0.7.6
7f24d0b11000-7f24d0b12000 r--p 00008000 08:21 1182463                    /lib/x86_64-linux-gnu/libwrap.so.0.7.6
7f24d0b12000-7f24d0b13000 rw-p 00009000 08:21 1182463                    /lib/x86_64-linux-gnu/libwrap.so.0.7.6
7f24d0b13000-7f24d0b14000 rw-p 00000000 00:00 0 
7f24d0b14000-7f24d0b35000 r-xp 00000000 08:21 1182606                    /lib/x86_64-linux-gnu/libsystemd.so.0.3.1
7f24d0b35000-7f24d0d35000 ---p 00021000 08:21 1182606                    /lib/x86_64-linux-gnu/libsystemd.so.0.3.1
7f24d0d35000-7f24d0d37000 r--p 00021000 08:21 1182606                    /lib/x86_64-linux-gnu/libsystemd.so.0.3.1
7f24d0d37000-7f24d0d38000 rw-p 00023000 08:21 1182606                    /lib/x86_64-linux-gnu/libsystemd.so.0.3.1
7f24d0d38000-7f24d0d3f000 r-xp 00000000 08:21 4210329                    /usr/lib/x86_64-linux-gnu/libSM.so.6.0.1
7f24d0d3f000-7f24d0f3e000 ---p 00007000 08:21 4210329                    /usr/lib/x86_64-linux-gnu/libSM.so.6.0.1
7f24d0f3e000-7f24d0f3f000 r--p 00006000 08:21 4210329                    /usr/lib/x86_64-linux-gnu/libSM.so.6.0.1
7f24d0f3f000-7f24d0f40000 rw-p 00007000 08:21 4210329                    /usr/lib/x86_64-linux-gnu/libSM.so.6.0.1
7f24d0f40000-7f24d0f58000 r-xp 00000000 08:21 4210327                    /usr/lib/x86_64-linux-gnu/libICE.so.6.3.0
7f24d0f58000-7f24d1157000 ---p 00018000 08:21 4210327                    /usr/lib/x86_64-linux-gnu/libICE.so.6.3.0
7f24d1157000-7f24d1158000 r--p 00017000 08:21 4210327                    /usr/lib/x86_64-linux-gnu/libICE.so.6.3.0
7f24d1158000-7f24d1159000 rw-p 00018000 08:21 4210327                    /usr/lib/x86_64-linux-gnu/libICE.so.6.3.0
7f24d1159000-7f24d115d000 rw-p 00000000 00:00 0 
7f24d115d000-7f24d115e000 r-xp 00000000 08:21 4210335                    /usr/lib/x86_64-linux-gnu/libX11-xcb.so.1.0.0
7f24d115e000-7f24d135d000 ---p 00001000 08:21 4210335                    /usr/lib/x86_64-linux-gnu/libX11-xcb.so.1.0.0
7f24d135d000-7f24d135e000 r--p 00000000 08:21 4210335                    /usr/lib/x86_64-linux-gnu/libX11-xcb.so.1.0.0
7f24d135e000-7f24d135f000 rw-p 00001000 08:21 4210335                    /usr/lib/x86_64-linux-gnu/libX11-xcb.so.1.0.0
7f24d135f000-7f24d1363000 r-xp 00000000 08:21 1182043                    /lib/x86_64-linux-gnu/libcap.so.2.24
7f24d1363000-7f24d1562000 ---p 00004000 08:21 1182043                    /lib/x86_64-linux-gnu/libcap.so.2.24
7f24d1562000-7f24d1563000 r--p 00003000 08:21 1182043                    /lib/x86_64-linux-gnu/libcap.so.2.24
7f24d1563000-7f24d1564000 rw-p 00004000 08:21 1182043                    /lib/x86_64-linux-gnu/libcap.so.2.24
7f24d1564000-7f24d15ab000 r-xp 00000000 08:21 1182006                    /lib/x86_64-linux-gnu/libdbus-1.so.3.8.14
7f24d15ab000-7f24d17aa000 ---p 00047000 08:21 1182006                    /lib/x86_64-linux-gnu/libdbus-1.so.3.8.14
7f24d17aa000-7f24d17ab000 r--p 00046000 08:21 1182006                    /lib/x86_64-linux-gnu/libdbus-1.so.3.8.14
7f24d17ab000-7f24d17ac000 rw-p 00047000 08:21 1182006                    /lib/x86_64-linux-gnu/libdbus-1.so.3.8.14
7f24d17ac000-7f24d1823000 r-xp 00000000 08:21 4210344                    /usr/lib/x86_64-linux-gnu/pulseaudio/libpulsecommon-5.0.so
7f24d1823000-7f24d1a23000 ---p 00077000 08:21 4210344                    /usr/lib/x86_64-linux-gnu/pulseaudio/libpulsecommon-5.0.so
7f24d1a23000-7f24d1a24000 r--p 00077000 08:21 4210344                    /usr/lib/x86_64-linux-gnu/pulseaudio/libpulsecommon-5.0.so
7f24d1a24000-7f24d1a26000 rw-p 00078000 08:21 4210344                    /usr/lib/x86_64-linux-gnu/pulseaudio/libpulsecommon-5.0.so
7f24d1a26000-7f24d1a30000 r-xp 00000000 08:21 1182385                    /lib/x86_64-linux-gnu/libjson-c.so.2.0.0
7f24d1a30000-7f24d1c2f000 ---p 0000a000 08:21 1182385                    /lib/x86_64-linux-gnu/libjson-c.so.2.0.0
7f24d1c2f000-7f24d1c30000 r--p 00009000 08:21 1182385                    /lib/x86_64-linux-gnu/libjson-c.so.2.0.0
7f24d1c30000-7f24d1c31000 rw-p 0000a000 08:21 1182385                    /lib/x86_64-linux-gnu/libjson-c.so.2.0.0
7f24d1c31000-7f24d1c7f000 r-xp 00000000 08:21 4210341                    /usr/lib/x86_64-linux-gnu/libpulse.so.0.17.3
7f24d1c7f000-7f24d1e7f000 ---p 0004e000 08:21 4210341                    /usr/lib/x86_64-linux-gnu/libpulse.so.0.17.3
7f24d1e7f000-7f24d1e81000 r--p 0004e000 08:21 4210341                    /usr/lib/x86_64-linux-gnu/libpulse.so.0.17.3
7f24d1e81000-7f24d1e82000 rw-p 00050000 08:21 4210341                    /usr/lib/x86_64-linux-gnu/libpulse.so.0.17.3
7f24d1e82000-7f24d1ed7000 r-xp 00000000 08:21 1714899                    /home/stephan/.gradle/caches/minecraft/net/minecraft/natives/1.10.2/libopenal64.so
7f24d1ed7000-7f24d20d6000 ---p 00055000 08:21 1714899                    /home/stephan/.gradle/caches/minecraft/net/minecraft/natives/1.10.2/libopenal64.so
7f24d20d6000-7f24d20d9000 r--p 00054000 08:21 1714899                    /home/stephan/.gradle/caches/minecraft/net/minecraft/natives/1.10.2/libopenal64.so
7f24d20d9000-7f24d20da000 rw-p 00057000 08:21 1714899                    /home/stephan/.gradle/caches/minecraft/net/minecraft/natives/1.10.2/libopenal64.so
7f24d20da000-7f24d20db000 rw-p 00000000 00:00 0 
7f24d20db000-7f24d20de000 ---p 00000000 00:00 0 
7f24d20de000-7f24d23dc000 rw-p 00000000 00:00 0                          [stack:21173]
7f24d23dc000-7f24d23df000 ---p 00000000 00:00 0 
7f24d23df000-7f24d34df000 rw-p 00000000 00:00 0                          [stack:21174]
7f24d34df000-7f24d34e2000 ---p 00000000 00:00 0 
7f24d34e2000-7f24d37e0000 rw-p 00000000 00:00 0                          [stack:21182]
7f24d37e0000-7f24d37f4000 r-xp 00000000 08:21 1182607                    /lib/x86_64-linux-gnu/libresolv-2.19.so
7f24d37f4000-7f24d39f3000 ---p 00014000 08:21 1182607                    /lib/x86_64-linux-gnu/libresolv-2.19.so
7f24d39f3000-7f24d39f4000 r--p 00013000 08:21 1182607                    /lib/x86_64-linux-gnu/libresolv-2.19.so
7f24d39f4000-7f24d39f5000 rw-p 00014000 08:21 1182607                    /lib/x86_64-linux-gnu/libresolv-2.19.so
7f24d39f5000-7f24d39f7000 rw-p 00000000 00:00 0 
7f24d39f7000-7f24d39fc000 r-xp 00000000 08:21 1182592                    /lib/x86_64-linux-gnu/libnss_dns-2.19.so
7f24d39fc000-7f24d3bfb000 ---p 00005000 08:21 1182592                    /lib/x86_64-linux-gnu/libnss_dns-2.19.so
7f24d3bfb000-7f24d3bfc000 r--p 00004000 08:21 1182592                    /lib/x86_64-linux-gnu/libnss_dns-2.19.so
7f24d3bfc000-7f24d3bfd000 rw-p 00005000 08:21 1182592                    /lib/x86_64-linux-gnu/libnss_dns-2.19.so
7f24d3bfd000-7f24d3bff000 r-xp 00000000 08:21 1182521                    /lib/x86_64-linux-gnu/libnss_mdns4_minimal.so.2
7f24d3bff000-7f24d3dfe000 ---p 00002000 08:21 1182521                    /lib/x86_64-linux-gnu/libnss_mdns4_minimal.so.2
7f24d3dfe000-7f24d3dff000 r--p 00001000 08:21 1182521                    /lib/x86_64-linux-gnu/libnss_mdns4_minimal.so.2
7f24d3dff000-7f24d3e00000 rw-p 00002000 08:21 1182521                    /lib/x86_64-linux-gnu/libnss_mdns4_minimal.so.2
7f24d3e00000-7f24d4000000 rw-p 00000000 00:00 0 
7f24d4000000-7f24d47cc000 rw-p 00000000 00:00 0 
7f24d47cc000-7f24d8000000 ---p 00000000 00:00 0 
7f24d80fb000-7f24d80fe000 ---p 00000000 00:00 0 
7f24d80fe000-7f24d81fc000 rw-p 00000000 00:00 0                          [stack:21177]
7f24d81fc000-7f24d83fc000 rw-s a6d03000 00:05 15260                      /dev/nvidiactl
7f24d83fc000-7f24d87fc000 rw-s 2ab3ec000 00:05 15260                     /dev/nvidiactl
7f24d87fc000-7f24d8bfc000 rw-s 2d192000 00:05 15260                      /dev/nvidiactl
7f24d8bfc000-7f24d8dfc000 rw-s b58e5000 00:05 15260                      /dev/nvidiactl
7f24d8eb2000-7f24d8eb5000 ---p 00000000 00:00 0 
7f24d8eb5000-7f24d91b3000 rw-p 00000000 00:00 0                          [stack:21193]
7f24d91b3000-7f24d91b6000 ---p 00000000 00:00 0 
7f24d91b6000-7f24d92b4000 rw-p 00000000 00:00 0                          [stack:21186]
7f24d92b4000-7f24d92b7000 ---p 00000000 00:00 0 
7f24d92b7000-7f24d93b5000 rw-p 00000000 00:00 0                          [stack:21185]
7f24d93b5000-7f24d93b8000 ---p 00000000 00:00 0 
7f24d93b8000-7f24d96b6000 rw-p 00000000 00:00 0 
7f24d96b6000-7f24d98b6000 rw-p 00000000 00:00 0 
7f24d98b6000-7f24d99b6000 rw-s 318770000 00:05 15260                     /dev/nvidiactl
7f24d99b6000-7f24d9bb6000 rw-p 00000000 00:00 0 
7f24d9bb6000-7f24d9be8000 r-xp 00000000 08:21 5049046                    /usr/lib/jvm/java-8-oracle/jre/lib/amd64/libsunec.so
7f24d9be8000-7f24d9de7000 ---p 00032000 08:21 5049046                    /usr/lib/jvm/java-8-oracle/jre/lib/amd64/libsunec.so
7f24d9de7000-7f24d9ded000 rw-p 00031000 08:21 5049046                    /usr/lib/jvm/java-8-oracle/jre/lib/amd64/libsunec.so
7f24d9ded000-7f24d9dfd000 rw-p 00000000 00:00 0 
7f24d9dfd000-7f24d9e7d000 rw-s 30a862000 00:05 15260                     /dev/nvidiactl
7f24d9e7d000-7f24d9efd000 rw-s 2eb266000 00:05 15260                     /dev/nvidiactl
7f24d9efd000-7f24d9f00000 ---p 00000000 00:00 0 
7f24d9f00000-7f24dc000000 rw-p 00000000 00:00 0 
7f24dc000000-7f24dc043000 rw-p 00000000 00:00 0 
7f24dc043000-7f24e0000000 ---p 00000000 00:00 0 
7f24e0000000-7f24e0021000 rw-p 00000000 00:00 0 
7f24e0021000-7f24e4000000 ---p 00000000 00:00 0 
7f24e4000000-7f24e4021000 rw-p 00000000 00:00 0 
7f24e4021000-7f24e8000000 ---p 00000000 00:00 0 
7f24e8000000-7f24e8021000 rw-p 00000000 00:00 0 
7f24e8021000-7f24ec000000 ---p 00000000 00:00 0 
7f24ec0c3000-7f24ec2c3000 rw-p 00000000 00:00 0 
7f24ec2c3000-7f24ec343000 rw-s 2e0862000 00:05 15260                     /dev/nvidiactl
7f24ec343000-7f24ec3c3000 rw-s a6e0b000 00:05 15260                      /dev/nvidiactl
7f24ec3c3000-7f24edd85000 r-xp 00000000 08:21 4204830                    /usr/lib/x86_64-linux-gnu/libnvidia-glcore.so.340.102
7f24edd85000-7f24edda3000 rwxp 019c2000 08:21 4204830                    /usr/lib/x86_64-linux-gnu/libnvidia-glcore.so.340.102
7f24edda3000-7f24ee221000 r-xp 019e0000 08:21 4204830                    /usr/lib/x86_64-linux-gnu/libnvidia-glcore.so.340.102
7f24ee221000-7f24ee420000 ---p 01e5e000 08:21 4204830                    /usr/lib/x86_64-linux-gnu/libnvidia-glcore.so.340.102
7f24ee420000-7f24eefba000 rw-p 01e5d000 08:21 4204830                    /usr/lib/x86_64-linux-gnu/libnvidia-glcore.so.340.102
7f24eefba000-7f24eefd7000 rw-p 00000000 00:00 0 
7f24eefd7000-7f24eefda000 r-xp 00000000 08:21 4204828                    /usr/lib/x86_64-linux-gnu/tls/libnvidia-tls.so.340.102
7f24eefda000-7f24ef1d9000 ---p 00003000 08:21 4204828                    /usr/lib/x86_64-linux-gnu/tls/libnvidia-tls.so.340.102
7f24ef1d9000-7f24ef1da000 rw-p 00002000 08:21 4204828                    /usr/lib/x86_64-linux-gnu/tls/libnvidia-tls.so.340.102
7f24ef1da000-7f24ef2a1000 r-xp 00000000 08:21 4204832                    /usr/lib/x86_64-linux-gnu/nvidia/current/libGL.so.340.102
7f24ef2a1000-7f24ef2d0000 rwxp 000c7000 08:21 4204832                    /usr/lib/x86_64-linux-gnu/nvidia/current/libGL.so.340.102
7f24ef2d0000-7f24ef2ec000 r-xp 000f6000 08:21 4204832                    /usr/lib/x86_64-linux-gnu/nvidia/current/libGL.so.340.102
7f24ef2ec000-7f24ef4eb000 ---p 00112000 08:21 4204832                    /usr/lib/x86_64-linux-gnu/nvidia/current/libGL.so.340.102
7f24ef4eb000-7f24ef510000 rw-p 00111000 08:21 4204832                    /usr/lib/x86_64-linux-gnu/nvidia/current/libGL.so.340.102
7f24ef510000-7f24ef726000 rw-p 00000000 00:00 0 
7f24ef726000-7f24ef926000 rw-p 00000000 00:00 0 
7f24ef926000-7f24ef92b000 r-xp 00000000 08:21 4211911                    /usr/lib/x86_64-linux-gnu/libXxf86vm.so.1.0.0
7f24ef92b000-7f24efb2a000 ---p 00005000 08:21 4211911                    /usr/lib/x86_64-linux-gnu/libXxf86vm.so.1.0.0
7f24efb2a000-7f24efb2b000 r--p 00004000 08:21 4211911                    /usr/lib/x86_64-linux-gnu/libXxf86vm.so.1.0.0
7f24efb2b000-7f24efb2c000 rw-p 00005000 08:21 4211911                    /usr/lib/x86_64-linux-gnu/libXxf86vm.so.1.0.0
7f24efb2c000-7f24efb35000 r-xp 00000000 08:21 4210629                    /usr/lib/x86_64-linux-gnu/libXrandr.so.2.2.0
7f24efb35000-7f24efd34000 ---p 00009000 08:21 4210629                    /usr/lib/x86_64-linux-gnu/libXrandr.so.2.2.0
7f24efd34000-7f24efd35000 r--p 00008000 08:21 4210629                    /usr/lib/x86_64-linux-gnu/libXrandr.so.2.2.0
7f24efd35000-7f24efd36000 rw-p 00009000 08:21 4210629                    /usr/lib/x86_64-linux-gnu/libXrandr.so.2.2.0
7f24efd80000-7f24efe00000 rw-s bab59000 00:05 15260                      /dev/nvidiactl
7f24efe00000-7f24f0000000 rw-p 00000000 00:00 0 
7f24f0000000-7f24f0021000 rw-p 00000000 00:00 0 
7f24f0021000-7f24f4000000 ---p 00000000 00:00 0 
7f24f4000000-7f24f4021000 rw-p 00000000 00:00 0 
7f24f4021000-7f24f8000000 ---p 00000000 00:00 0 
7f24f8045000-7f24f8145000 rw-s 36f27000 00:05 15260                      /dev/nvidiactl
7f24f8145000-7f24f8146000 r-xp 00000000 08:21 5049084                    /usr/lib/jvm/java-8-oracle/jre/lib/amd64/libjawt.so
7f24f8146000-7f24f8345000 ---p 00001000 08:21 5049084                    /usr/lib/jvm/java-8-oracle/jre/lib/amd64/libjawt.so
7f24f8345000-7f24f8346000 rw-p 00000000 08:21 5049084                    /usr/lib/jvm/java-8-oracle/jre/lib/amd64/libjawt.so
7f24f8346000-7f24f8349000 ---p 00000000 00:00 0 
7f24f8349000-7f24f8447000 rw-p 00000000 00:00 0                          [stack:21153]
7f24f8447000-7f24f844c000 r-xp 00000000 08:21 4210621                    /usr/lib/x86_64-linux-gnu/libXfixes.so.3.1.0
7f24f844c000-7f24f864b000 ---p 00005000 08:21 4210621                    /usr/lib/x86_64-linux-gnu/libXfixes.so.3.1.0
7f24f864b000-7f24f864c000 r--p 00004000 08:21 4210621                    /usr/lib/x86_64-linux-gnu/libXfixes.so.3.1.0
7f24f864c000-7f24f864d000 rw-p 00005000 08:21 4210621                    /usr/lib/x86_64-linux-gnu/libXfixes.so.3.1.0
7f24f864d000-7f24f8657000 r-xp 00000000 08:21 4210623                    /usr/lib/x86_64-linux-gnu/libXcursor.so.1.0.2
7f24f8657000-7f24f8856000 ---p 0000a000 08:21 4210623                    /usr/lib/x86_64-linux-gnu/libXcursor.so.1.0.2
7f24f8856000-7f24f8857000 r--p 00009000 08:21 4210623                    /usr/lib/x86_64-linux-gnu/libXcursor.so.1.0.2
7f24f8857000-7f24f8858000 rw-p 0000a000 08:21 4210623                    /usr/lib/x86_64-linux-gnu/libXcursor.so.1.0.2
7f24f8858000-7f24f885b000 ---p 00000000 00:00 0 
7f24f885b000-7f24f8b59000 rw-p 00000000 00:00 0                          [stack:21152]
7f24f8b59000-7f24f8b6f000 r-xp 00000000 08:21 1181956                    /lib/x86_64-linux-gnu/libgcc_s.so.1
7f24f8b6f000-7f24f8d6e000 ---p 00016000 08:21 1181956                    /lib/x86_64-linux-gnu/libgcc_s.so.1
7f24f8d6e000-7f24f8d6f000 rw-p 00015000 08:21 1181956                    /lib/x86_64-linux-gnu/libgcc_s.so.1
7f24f8d6f000-7f24f8dd4000 r-xp 00000000 08:21 5049057                    /usr/lib/jvm/java-8-oracle/jre/lib/amd64/libfontmanager.so
7f24f8dd4000-7f24f8fd3000 ---p 00065000 08:21 5049057                    /usr/lib/jvm/java-8-oracle/jre/lib/amd64/libfontmanager.so
7f24f8fd3000-7f24f8fd8000 rw-p 00064000 08:21 5049057                    /usr/lib/jvm/java-8-oracle/jre/lib/amd64/libfontmanager.so
7f24f8fd8000-7f24f8fe8000 rw-p 00000000 00:00 0 
7f24f8fe8000-7f24f8fed000 r-xp 00000000 08:21 4209933                    /usr/lib/x86_64-linux-gnu/libXdmcp.so.6.0.0
7f24f8fed000-7f24f91ec000 ---p 00005000 08:21 4209933                    /usr/lib/x86_64-linux-gnu/libXdmcp.so.6.0.0
7f24f91ec000-7f24f91ed000 rw-p 00004000 08:21 4209933                    /usr/lib/x86_64-linux-gnu/libXdmcp.so.6.0.0
7f24f91ed000-7f24f91f0000 r-xp 00000000 08:21 4209931                    /usr/lib/x86_64-linux-gnu/libXau.so.6.0.0
7f24f91f0000-7f24f93ef000 ---p 00003000 08:21 4209931                    /usr/lib/x86_64-linux-gnu/libXau.so.6.0.0
7f24f93ef000-7f24f93f0000 r--p 00002000 08:21 4209931                    /usr/lib/x86_64-linux-gnu/libXau.so.6.0.0
7f24f93f0000-7f24f93f1000 rw-p 00003000 08:21 4209931                    /usr/lib/x86_64-linux-gnu/libXau.so.6.0.0
7f24f93f1000-7f24f9412000 r-xp 00000000 08:21 4209935                    /usr/lib/x86_64-linux-gnu/libxcb.so.1.1.0
7f24f9412000-7f24f9611000 ---p 00021000 08:21 4209935                    /usr/lib/x86_64-linux-gnu/libxcb.so.1.1.0
7f24f9611000-7f24f9612000 r--p 00020000 08:21 4209935                    /usr/lib/x86_64-linux-gnu/libxcb.so.1.1.0
7f24f9612000-7f24f9613000 rw-p 00021000 08:21 4209935                    /usr/lib/x86_64-linux-gnu/libxcb.so.1.1.0
7f24f9613000-7f24f9622000 r-xp 00000000 08:21 4210337                    /usr/lib/x86_64-linux-gnu/libXi.so.6.1.0
7f24f9622000-7f24f9821000 ---p 0000f000 08:21 4210337                    /usr/lib/x86_64-linux-gnu/libXi.so.6.1.0
7f24f9821000-7f24f9822000 r--p 0000e000 08:21 4210337                    /usr/lib/x86_64-linux-gnu/libXi.so.6.1.0
7f24f9822000-7f24f9823000 rw-p 0000f000 08:21 4210337                    /usr/lib/x86_64-linux-gnu/libXi.so.6.1.0
7f24f9823000-7f24f9828000 r-xp 00000000 08:21 4210339                    /usr/lib/x86_64-linux-gnu/libXtst.so.6.1.0
7f24f9828000-7f24f9a27000 ---p 00005000 08:21 4210339                    /usr/lib/x86_64-linux-gnu/libXtst.so.6.1.0
7f24f9a27000-7f24f9a28000 r--p 00004000 08:21 4210339                    /usr/lib/x86_64-linux-gnu/libXtst.so.6.1.0
7f24f9a28000-7f24f9a29000 rw-p 00005000 08:21 4210339                    /usr/lib/x86_64-linux-gnu/libXtst.so.6.1.0
7f24f9a29000-7f24f9a32000 r-xp 00000000 08:21 4210039                    /usr/lib/x86_64-linux-gnu/libXrender.so.1.3.0
7f24f9a32000-7f24f9c31000 ---p 00009000 08:21 4210039                    /usr/lib/x86_64-linux-gnu/libXrender.so.1.3.0
7f24f9c31000-7f24f9c32000 r--p 00008000 08:21 4210039                    /usr/lib/x86_64-linux-gnu/libXrender.so.1.3.0
7f24f9c32000-7f24f9c33000 rw-p 00009000 08:21 4210039                    /usr/lib/x86_64-linux-gnu/libXrender.so.1.3.0
7f24f9c33000-7f24f9d6f000 r-xp 00000000 08:21 4209939                    /usr/lib/x86_64-linux-gnu/libX11.so.6.3.0
7f24f9d6f000-7f24f9f6e000 ---p 0013c000 08:21 4209939                    /usr/lib/x86_64-linux-gnu/libX11.so.6.3.0
7f24f9f6e000-7f24f9f70000 r--p 0013b000 08:21 4209939                    /usr/lib/x86_64-linux-gnu/libX11.so.6.3.0
7f24f9f70000-7f24f9f75000 rw-p 0013d000 08:21 4209939                    /usr/lib/x86_64-linux-gnu/libX11.so.6.3.0
7f24f9f75000-7f24f9f76000 rw-p 00000000 00:00 0 
7f24f9f76000-7f24f9fca000 r-xp 00000000 08:21 5049065                    /usr/lib/jvm/java-8-oracle/jre/lib/amd64/libawt_xawt.so
7f24f9fca000-7f24fa1ca000 ---p 00054000 08:21 5049065                    /usr/lib/jvm/java-8-oracle/jre/lib/amd64/libawt_xawt.so
7f24fa1ca000-7f24fa1ce000 rw-p 00054000 08:21 5049065                    /usr/lib/jvm/java-8-oracle/jre/lib/amd64/libawt_xawt.so
7f24fa1ce000-7f24fa1cf000 rw-p 00000000 00:00 0 
7f24fa1cf000-7f24fa271000 r-xp 00000000 08:21 5049092                    /usr/lib/jvm/java-8-oracle/jre/lib/amd64/libawt.so
7f24fa271000-7f24fa471000 ---p 000a2000 08:21 5049092                    /usr/lib/jvm/java-8-oracle/jre/lib/amd64/libawt.so
7f24fa471000-7f24fa47d000 rw-p 000a2000 08:21 5049092                    /usr/lib/jvm/java-8-oracle/jre/lib/amd64/libawt.so
7f24fa47d000-7f24fa4a1000 rw-p 00000000 00:00 0 
7f24fa4b6000-7f24fa4f6000 rw-s 561d6000 00:05 15260                      /dev/nvidiactl
7f24fa4f6000-7f24fa566000 r-xp 00000000 08:21 1714897                    /home/stephan/.gradle/caches/minecraft/net/minecraft/natives/1.10.2/liblwjgl64.so
7f24fa566000-7f24fa766000 ---p 00070000 08:21 1714897                    /home/stephan/.gradle/caches/minecraft/net/minecraft/natives/1.10.2/liblwjgl64.so
7f24fa766000-7f24fa768000 r--p 00070000 08:21 1714897                    /home/stephan/.gradle/caches/minecraft/net/minecraft/natives/1.10.2/liblwjgl64.so
7f24fa768000-7f24fa769000 rw-p 00072000 08:21 1714897                    /home/stephan/.gradle/caches/minecraft/net/minecraft/natives/1.10.2/liblwjgl64.so
7f24fa769000-7f24fa969000 rw-p 00000000 00:00 0 
7f24fa972000-7f24fa97c000 r--p 00000000 08:21 4222588                    /usr/share/locale/de/LC_MESSAGES/pulseaudio.mo
7f24fa983000-7f24fa9a3000 rw-s d8160000 00:05 15263                      /dev/nvidia0
7f24fa9a3000-7f24fa9c3000 rw-s a6e08000 00:05 15260                      /dev/nvidiactl
7f24fa9c3000-7f24faa03000 rw-s 1549bd000 00:05 15260                     /dev/nvidiactl
7f24faa03000-7f24faa06000 ---p 00000000 00:00 0 
7f24faa06000-7f24fab04000 rw-p 00000000 00:00 0                          [stack:21154]
7f24fab0d000-7f24fab20000 r--s 00345000 08:21 4859824                    /usr/lib/jvm/java-8-oracle/jre/lib/resources.jar
7f24fab20000-7f24fab26000 r--s 0003f000 08:21 5049106                    /usr/lib/jvm/java-8-oracle/jre/lib/ext/sunjce_provider.jar
7f24fab26000-7f24fabda000 rw-s 330537000 00:05 15260                     /dev/nvidiactl
7f24fabda000-7f24fabdd000 ---p 00000000 00:00 0 
7f24fabdd000-7f24fae13000 rw-p 00000000 00:00 0                          [stack:21158]
7f24fae13000-7f24fae16000 ---p 00000000 00:00 0 
7f24fae16000-7f24faf14000 rw-p 00000000 00:00 0                          [stack:21156]
7f24faf14000-7f24faf25000 r-xp 00000000 08:21 4210037                    /usr/lib/x86_64-linux-gnu/libXext.so.6.4.0
7f24faf25000-7f24fb124000 ---p 00011000 08:21 4210037                    /usr/lib/x86_64-linux-gnu/libXext.so.6.4.0
7f24fb124000-7f24fb125000 r--p 00010000 08:21 4210037                    /usr/lib/x86_64-linux-gnu/libXext.so.6.4.0
7f24fb125000-7f24fb126000 rw-p 00011000 08:21 4210037                    /usr/lib/x86_64-linux-gnu/libXext.so.6.4.0
7f24fb127000-7f24fb12a000 r--s 0001a000 08:21 4859828                    /usr/lib/jvm/java-8-oracle/jre/lib/jce.jar
7f24fb12b000-7f24fb12c000 rw-p 00000000 00:00 0 
7f24fb12c000-7f24fb12e000 r--s 00009000 08:21 5049105                    /usr/lib/jvm/java-8-oracle/jre/lib/ext/sunec.jar
7f24fb12e000-7f24fb132000 r--s 0003a000 08:21 5049103                    /usr/lib/jvm/java-8-oracle/jre/lib/ext/sunpkcs11.jar
7f24fb132000-7f24fb134000 rw-p 00000000 00:00 0 
7f24fb134000-7f24fb136000 rw-s 00000000 08:21 6141547                    /tmp/.glzdghTq (deleted)
7f24fb136000-7f24fb13d000 rw-s 56109000 00:05 15260                      /dev/nvidiactl
7f24fb13d000-7f24fb13e000 rw-s 36c1a000 00:05 15260                      /dev/nvidiactl
7f24fb13e000-7f24fb142000 rw-s ba0c8000 00:05 15260                      /dev/nvidiactl
7f24fb142000-7f24fb143000 rw-s dff66000 00:05 15263                      /dev/nvidia0
7f24fb143000-7f24fb144000 rw-s dff65000 00:05 15263                      /dev/nvidia0
7f24fb144000-7f24fb145000 rw-s fa642000 00:05 15263                      /dev/nvidia0
7f24fb145000-7f24fb146000 rw-s 2ab196000 00:05 15260                     /dev/nvidiactl
7f24fb146000-7f24fb147000 rw-s fa641000 00:05 15263                      /dev/nvidia0
7f24fb147000-7f24fb148000 rw-s 32f0f5000 00:05 15260                     /dev/nvidiactl
7f24fb148000-7f24fb149000 rw-s 1e88dd000 00:05 15260                     /dev/nvidiactl
7f24fb149000-7f24fb14a000 rw-s fa060000 00:05 15263                      /dev/nvidia0
7f24fb14a000-7f24fb14f000 r--s 0009a000 08:21 4859799                    /usr/lib/jvm/java-8-oracle/jre/lib/jsse.jar
7f24fb14f000-7f24fb34f000 rw-p 00000000 00:00 0 
7f24fb34f000-7f24fb356000 r--s 00000000 08:21 4253697                    /usr/lib/x86_64-linux-gnu/gconv/gconv-modules.cache
7f24fb356000-7f24fb37c000 r--p 00000000 08:21 4213769                    /usr/share/locale/de/LC_MESSAGES/libc.mo
7f24fb37c000-7f24fb57c000 rw-p 00000000 00:00 0 
7f24fb57c000-7f24fb586000 r--s 00116000 08:21 5049108                    /usr/lib/jvm/java-8-oracle/jre/lib/ext/localedata.jar
7f24fb586000-7f24fb5a2000 r--s 00393000 08:21 5049111                    /usr/lib/jvm/java-8-oracle/jre/lib/ext/cldrdata.jar
7f24fb5a2000-7f24fb5b3000 r-xp 00000000 08:21 5049063                    /usr/lib/jvm/java-8-oracle/jre/lib/amd64/libnio.so
7f24fb5b3000-7f24fb7b2000 ---p 00011000 08:21 5049063                    /usr/lib/jvm/java-8-oracle/jre/lib/amd64/libnio.so
7f24fb7b2000-7f24fb7b3000 rw-p 00010000 08:21 5049063                    /usr/lib/jvm/java-8-oracle/jre/lib/amd64/libnio.so
7f24fb7b3000-7f24fbab4000 rw-p 00000000 00:00 0 
7f24fbab4000-7f24fbaca000 r-xp 00000000 08:21 5049038                    /usr/lib/jvm/java-8-oracle/jre/lib/amd64/libnet.so
7f24fbaca000-7f24fbcca000 ---p 00016000 08:21 5049038                    /usr/lib/jvm/java-8-oracle/jre/lib/amd64/libnet.so
7f24fbcca000-7f24fbccb000 rw-p 00016000 08:21 5049038                    /usr/lib/jvm/java-8-oracle/jre/lib/amd64/libnet.so
7f24fbccb000-7f24fbcd4000 r-xp 00000000 08:21 5049074                    /usr/lib/jvm/java-8-oracle/jre/lib/amd64/libmanagement.so
7f24fbcd4000-7f24fbed3000 ---p 00009000 08:21 5049074                    /usr/lib/jvm/java-8-oracle/jre/lib/amd64/libmanagement.so
7f24fbed3000-7f24fbed4000 rw-p 00008000 08:21 5049074                    /usr/lib/jvm/java-8-oracle/jre/lib/amd64/libmanagement.so
7f24fbed4000-7f24fbed5000 r--s 00000000 08:21 1713722                    /home/stephan/.gradle/caches/minecraft/deobfedDeps/providedDummy.jar
7f24fbed5000-7f24fbed6000 r--s 00000000 08:21 1713702                    /home/stephan/.gradle/caches/minecraft/deobfedDeps/compileDummy.jar
7f24fbed6000-7f24fbed7000 r--s 00068000 08:21 6042107                    /home/stephan/.gradle/caches/modules-2/files-2.1/org.lwjgl.lwjgl/lwjgl-platform/2.9.4-nightly-20150209/bcab850f8f487c3f4c4dbabde778bb82bd1a40ed/lwjgl-platform-2.9.4-nightly-20150209-natives-osx.jar
7f24fbed7000-7f24fbed8000 r--s 0008d000 08:21 6042106                    /home/stephan/.gradle/caches/modules-2/files-2.1/org.lwjgl.lwjgl/lwjgl-platform/2.9.4-nightly-20150209/931074f46c795d2f7b30ed6395df5715cfd7675b/lwjgl-platform-2.9.4-nightly-20150209-natives-linux.jar
7f24fbed8000-7f24fbed9000 r--s 00095000 08:21 6042105                    /home/stephan/.gradle/caches/modules-2/files-2.1/org.lwjgl.lwjgl/lwjgl-platform/2.9.4-nightly-20150209/b84d5102b9dbfabfeb5e43c7e2828d98a7fc80e0/lwjgl-platform-2.9.4-nightly-20150209-natives-windows.jar
7f24fbed9000-7f24fbeda000 r--s 00002000 08:21 6042104                    /home/stephan/.gradle/caches/modules-2/files-2.1/net.java.jinput/jinput-platform/2.0.5/53f9c919f34d2ca9de8c51fc4e1e8282029a9232/jinput-platform-2.0.5-natives-osx.jar
7f24fbeda000-7f24fbedb000 r--s 00025000 08:21 6042103                    /home/stephan/.gradle/caches/modules-2/files-2.1/net.java.jinput/jinput-platform/2.0.5/385ee093e01f587f30ee1c8a2ee7d408fd732e16/jinput-platform-2.0.5-natives-windows.jar
7f24fbedb000-7f24fbedc000 r--s 00002000 08:21 6042102                    /home/stephan/.gradle/caches/modules-2/files-2.1/net.java.jinput/jinput-platform/2.0.5/7ff832a6eb9ab6a767f1ade2b548092d0fa64795/jinput-platform-2.0.5-natives-linux.jar
7f24fbedc000-7f24fbee4000 r--s 0006c000 08:21 6042101                    /home/stephan/.gradle/caches/modules-2/files-2.1/org.scala-lang/scala-actors/2.11.0/8ccfb6541de179bb1c4d45cf414acee069b7f78b/scala-actors-2.11.0.jar
7f24fbee4000-7f24fbee6000 r--s 0001a000 08:21 6042100                    /home/stephan/.gradle/caches/modules-2/files-2.1/org.fusesource.jansi/jansi/1.11/655c643309c2f45a56a747fda70e3fadf57e9f11/jansi-1.11.jar
7f24fbee6000-7f24fbee8000 r--s 0004c000 08:21 6042099                    /home/stephan/.gradle/caches/modules-2/files-2.1/java3d/vecmath/1.5.2/79846ba34cbd89e2422d74d53752f993dcc2ccaf/vecmath-1.5.2.jar
7f24fbee8000-7f24fbeec000 r--s 00027000 08:21 6042098                    /home/stephan/.gradle/caches/modules-2/files-2.1/org.lwjgl.lwjgl/lwjgl_util/2.9.4-nightly-20150209/d51a7c040a721d13efdfbd34f8b257b2df882ad0/lwjgl_util-2.9.4-nightly-20150209.jar
7f24fbeec000-7f24fbefa000 r--s 000f2000 08:21 6042097                    /home/stephan/.gradle/caches/modules-2/files-2.1/org.lwjgl.lwjgl/lwjgl/2.9.4-nightly-20150209/697517568c68e78ae0b4544145af031c81082dfe/lwjgl-2.9.4-nightly-20150209.jar
7f24fbefa000-7f24fbefe000 r--s 0002f000 08:21 6042096                    /home/stephan/.gradle/caches/modules-2/files-2.1/net.java.jinput/jinput/2.0.5/39c7796b469a600f72380316f6b1f11db6c2c7c4/jinput-2.0.5.jar
7f24fbefe000-7f24fbf26000 r--s 00241000 08:21 6042090                    /home/stephan/.gradle/caches/modules-2/files-2.1/net.sf.trove4j/trove4j/3.0.3/42ccaf4761f0dfdfa805c9e340d99a755907e2dd/trove4j-3.0.3.jar
7f24fbf26000-7f24fbf30000 r--s 00095000 08:21 6042087                    /home/stephan/.gradle/caches/modules-2/files-2.1/org.scala-lang.modules/scala-xml_2.11/1.0.2/820fbca7e524b530fdadc594c39d49a21ea0337e/scala-xml_2.11-1.0.2.jar
7f24fbf30000-7f24fbf3b000 r--s 000a7000 08:21 6042085                    /home/stephan/.gradle/caches/modules-2/files-2.1/org.scala-lang.modules/scala-swing_2.11/1.0.1/b1cdd92bd47b1e1837139c1c53020e86bb9112ae/scala-swing_2.11-1.0.1.jar
7f24fbf3b000-7f24fbf86000 r--s 003e1000 08:21 6042084                    /home/stephan/.gradle/caches/modules-2/files-2.1/org.scala-lang/scala-reflect/2.11.1/6580347e61cc7f8e802941e7fde40fa83b8badeb/scala-reflect-2.11.1.jar
7f24fbf86000-7f24fbfdf000 r--s 004f0000 08:21 6042082                    /home/stephan/.gradle/caches/modules-2/files-2.1/org.scala-lang/scala-library/2.11.1/e11da23da3eabab9f4777b9220e60d44c1aab6a/scala-library-2.11.1.jar
7f24fbfdf000-7f24fc000000 rw-p 00000000 00:00 0 
7f24fc000000-7f24fd56f000 rw-p 00000000 00:00 0 
7f24fd56f000-7f2500000000 ---p 00000000 00:00 0 
7f2500000000-7f2500021000 rw-p 00000000 00:00 0 
7f2500021000-7f2504000000 ---p 00000000 00:00 0 
7f2504000000-7f2505b8c000 rw-p 00000000 00:00 0 
7f2505b8c000-7f2508000000 ---p 00000000 00:00 0 
7f2508000000-7f2509aa6000 rw-p 00000000 00:00 0 
7f2509aa6000-7f250c000000 ---p 00000000 00:00 0 
7f250c000000-7f250c021000 rw-p 00000000 00:00 0 
7f250c021000-7f2510000000 ---p 00000000 00:00 0 
7f2510000000-7f25128b5000 rw-p 00000000 00:00 0 
7f25128b5000-7f2514000000 ---p 00000000 00:00 0 
7f2514000000-7f2514021000 rw-p 00000000 00:00 0 
7f2514021000-7f2518000000 ---p 00000000 00:00 0 
7f2518000000-7f2518021000 rw-p 00000000 00:00 0 
7f2518021000-7f251c000000 ---p 00000000 00:00 0 
7f251c000000-7f251c341000 rw-p 00000000 00:00 0 
7f251c341000-7f2520000000 ---p 00000000 00:00 0 
7f2520000000-7f2520021000 rw-p 00000000 00:00 0 
7f2520021000-7f2524000000 ---p 00000000 00:00 0 
7f2524000000-7f2524021000 rw-p 00000000 00:00 0 
7f2524021000-7f2528000000 ---p 00000000 00:00 0 
7f2528000000-7f2528021000 rw-p 00000000 00:00 0 
7f2528021000-7f252c000000 ---p 00000000 00:00 0 
7f252c000000-7f252c021000 rw-p 00000000 00:00 0 
7f252c021000-7f2530000000 ---p 00000000 00:00 0 
7f2530000000-7f2530021000 rw-p 00000000 00:00 0 
7f2530021000-7f2534000000 ---p 00000000 00:00 0 
7f2534000000-7f2534001000 r--s 0000f000 08:21 6042095                    /home/stephan/.gradle/caches/modules-2/files-2.1/com.paulscode/soundsystem/20120107/419c05fe9be71f792b2d76cfc9b67f1ed0fec7f6/soundsystem-20120107.jar
7f2534001000-7f2534002000 r--s 00004000 08:21 6042094                    /home/stephan/.gradle/caches/modules-2/files-2.1/com.paulscode/librarylwjglopenal/20100824/73e80d0794c39665aec3f62eee88ca91676674ef/librarylwjglopenal-20100824.jar
7f2534002000-7f2534004000 r--s 00004000 08:21 6042093                    /home/stephan/.gradle/caches/modules-2/files-2.1/com.paulscode/libraryjavasound/20101123/5c5e304366f75f9eaa2e8cca546a1fb6109348b3/libraryjavasound-20101123.jar
7f2534004000-7f2534006000 r--s 00018000 08:21 6042091                    /home/stephan/.gradle/caches/modules-2/files-2.1/com.paulscode/codecjorbis/20101023/c73b5636faf089d9f00e8732a829577de25237ee/codecjorbis-20101023.jar
7f2534006000-7f2534011000 r--s 0005c000 08:21 6042083                    /home/stephan/.gradle/caches/modules-2/files-2.1/org.scala-lang.modules/scala-parser-combinators_2.11/1.0.1/f05d7345bf5a58924f2837c6c1f4d73a938e1ff0/scala-parser-combinators_2.11-1.0.1.jar
7f2534011000-7f2534016000 r--s 0002e000 08:21 6042081                    /home/stephan/.gradle/caches/modules-2/files-2.1/org.scala-lang.plugins/scala-continuations-plugin_2.11.1/1.0.2/f361a3283452c57fa30c1ee69448995de23c60f7/scala-continuations-plugin_2.11.1-1.0.2.jar
7f2534016000-7f2534018000 r--s 00005000 08:21 6042080                    /home/stephan/.gradle/caches/modules-2/files-2.1/org.scala-lang.plugins/scala-continuations-library_2.11/1.0.2/e517c53a7e9acd6b1668c5a35eccbaa3bab9aac/scala-continuations-library_2.11-1.0.2.jar
7f2534018000-7f2534108000 r--s 00be4000 08:21 6042079                    /home/stephan/.gradle/caches/modules-2/files-2.1/org.scala-lang/scala-compiler/2.11.1/56ea2e6c025e0821f28d73ca271218b8dd04926a/scala-compiler-2.11.1.jar
7f2534108000-7f253410a000 r--s 0000d000 08:21 6042078                    /home/stephan/.gradle/caches/modules-2/files-2.1/org.scala-lang/scala-actors-migration_2.11/1.1.0/dfa8bc42b181d5b9f1a5dd147f8ae308b893eb6f/scala-actors-migration_2.11-1.1.0.jar
7f253410a000-7f253410e000 r--s 00032000 08:21 6042077                    /home/stephan/.gradle/caches/modules-2/files-2.1/com.typesafe/config/1.2.1/f771f71fdae3df231bcd54d5ca2d57f0bf93f467/config-1.2.1.jar
7f253410e000-7f2534134000 r--s 00241000 08:21 6042076                    /home/stephan/.gradle/caches/modules-2/files-2.1/com.typesafe.akka/akka-actor_2.11/2.3.3/ed62e9fc709ca0f2ff1a3220daa8b70a2870078e/akka-actor_2.11-2.3.3.jar
7f2534134000-7f2534139000 r--s 00058000 08:21 6042075                    /home/stephan/.gradle/caches/modules-2/files-2.1/org.ow2.asm/asm-debug-all/5.0.3/f9e364ae2a66ce2a543012a4668856e84e5dab74/asm-debug-all-5.0.3.jar
7f2534139000-7f253413d000 r--s 00039000 08:21 6042074                    /home/stephan/.gradle/caches/modules-2/files-2.1/jline/jline/2.13/2d9530d0a25daffaffda7c35037b046b627bb171/jline-2.13.jar
7f253413d000-7f253413f000 r--s 00007000 08:21 6042073                    /home/stephan/.gradle/caches/modules-2/files-2.1/net.minecraft/launchwrapper/1.12/111e7bea9c968cdb3d06ef4632bf7ff0824d0f36/launchwrapper-1.12.jar
7f253413f000-7f253414d000 r--s 00099000 08:21 6042072                    /home/stephan/.gradle/caches/modules-2/files-2.1/org.apache.logging.log4j/log4j-core/2.0-beta9/678861ba1b2e1fccb594bb0ca03114bb05da9695/log4j-core-2.0-beta9.jar
7f253414d000-7f2534150000 r--s 00018000 08:21 6042071                    /home/stephan/.gradle/caches/modules-2/files-2.1/org.apache.logging.log4j/log4j-api/2.0-beta9/1dd66e68cccd907880229f9e2de1314bd13ff785/log4j-api-2.0-beta9.jar
7f2534150000-7f253415a000 r--s 00076000 08:21 6042070                    /home/stephan/.gradle/caches/modules-2/files-2.1/it.unimi.dsi/fastutil/7.0.12_mojang/ba787e741efdc425fc5d2ea654b57c15fba27efa/fastutil-7.0.12_mojang.jar
7f253415a000-7f2534160000 r--s 0003f000 08:21 6041987                    /home/stephan/.gradle/caches/modules-2/files-2.1/org.apache.httpcomponents/httpcore/4.3.2/31fbbff1ddbf98f3aa7377c94d33b0447c646b6e/httpcore-4.3.2.jar
7f2534160000-7f2534162000 r--s 0000e000 08:21 6041988                    /home/stephan/.gradle/caches/modules-2/files-2.1/commons-logging/commons-logging/1.1.3/f6f66e966c70a83ffbdb6f17a0919eaf7c8aca7f/commons-logging-1.1.3.jar
7f2534162000-7f253416d000 r--s 00085000 08:21 6041982                    /home/stephan/.gradle/caches/modules-2/files-2.1/org.apache.httpcomponents/httpclient/4.3.3/18f4247ff4572a074444572cee34647c43e7c9c7/httpclient-4.3.3.jar
7f253416d000-7f2534174000 r--s 00053000 08:21 6042069                    /home/stephan/.gradle/caches/modules-2/files-2.1/org.apache.commons/commons-compress/1.8.1/a698750c16740fd5b3871425f4cb3bbaa87f529d/commons-compress-1.8.1.jar
7f2534174000-7f253417b000 r--s 0017b000 08:21 6042068                    /home/stephan/.gradle/caches/modules-2/files-2.1/com.mojang/realms/1.9.8/c9609760e050cd7c369292252552c0cc81c54331/realms-1.9.8.jar
7f253417b000-7f253417d000 r--s 0000e000 08:21 6042067                    /home/stephan/.gradle/caches/modules-2/files-2.1/com.mojang/authlib/1.5.22/afaa8f6df976fcb5520e76ef1d5798c9e6b5c0b2/authlib-1.5.22.jar
7f253417d000-7f2534182000 r--s 0002a000 08:21 6041979                    /home/stephan/.gradle/caches/modules-2/files-2.1/com.google.code.gson/gson/2.2.4/a60a5e993c98c864010053cb901b7eab25306568/gson-2.2.4.jar
7f2534182000-7f25341ad000 r--s 001f9000 08:21 6042062                    /home/stephan/.gradle/caches/modules-2/files-2.1/com.google.guava/guava/17.0/9c6ef172e8de35fd8d4d8783e4821e57cdef7445/guava-17.0.jar
7f25341ad000-7f253426c000 r--s 00ab7000 08:21 1717157                    /home/stephan/.gradle/caches/minecraft/net/minecraftforge/forge/1.10.2-12.18.3.2422/snapshot/20161111/forgeSrc-1.10.2-12.18.3.2422.jar
7f253426c000-7f253426d000 ---p 00000000 00:00 0 
7f253426d000-7f253436d000 rw-p 00000000 00:00 0                          [stack:21150]
7f253436d000-7f2534370000 ---p 00000000 00:00 0 
7f2534370000-7f253446e000 rw-p 00000000 00:00 0                          [stack:21149]
7f253446e000-7f2534471000 ---p 00000000 00:00 0 
7f2534471000-7f253456f000 rw-p 00000000 00:00 0                          [stack:21148]
7f253456f000-7f2534572000 ---p 00000000 00:00 0 
7f2534572000-7f2534670000 rw-p 00000000 00:00 0                          [stack:21147]
7f2534670000-7f2534673000 ---p 00000000 00:00 0 
7f2534673000-7f2534771000 rw-p 00000000 00:00 0                          [stack:21146]
7f2534771000-7f2534774000 ---p 00000000 00:00 0 
7f2534774000-7f2534872000 rw-p 00000000 00:00 0                          [stack:21145]
7f2534872000-7f2534875000 ---p 00000000 00:00 0 
7f2534875000-7f2534973000 rw-p 00000000 00:00 0                          [stack:21144]
7f2534973000-7f2534976000 ---p 00000000 00:00 0 
7f2534976000-7f2534a74000 rw-p 00000000 00:00 0                          [stack:21143]
7f2534a74000-7f2534bfd000 r--p 00000000 08:21 4206751                    /usr/lib/locale/locale-archive
7f2534bfd000-7f2534c00000 ---p 00000000 00:00 0 
7f2534c00000-7f2534cfe000 rw-p 00000000 00:00 0                          [stack:21142]
7f2534cfe000-7f2534d01000 ---p 00000000 00:00 0 
7f2534d01000-7f2534dff000 rw-p 00000000 00:00 0                          [stack:21141]
7f2534dff000-7f2534e00000 ---p 00000000 00:00 0 
7f2534e00000-7f2534f4f000 rw-p 00000000 00:00 0                          [stack:21140]
7f2534f4f000-7f2535129000 r--s 03d4d000 08:21 4859804                    /usr/lib/jvm/java-8-oracle/jre/lib/rt.jar
7f2535129000-7f25359fa000 rw-p 00000000 00:00 0 
7f25359fa000-7f25359fb000 ---p 00000000 00:00 0 
7f25359fb000-7f2538000000 rw-p 00000000 00:00 0                          [stack:21138]
7f2538000000-7f2538021000 rw-p 00000000 00:00 0 
7f2538021000-7f253c000000 ---p 00000000 00:00 0 
7f253c000000-7f253c021000 rw-p 00000000 00:00 0 
7f253c021000-7f2540000000 ---p 00000000 00:00 0 
7f2540000000-7f2540021000 rw-p 00000000 00:00 0 
7f2540021000-7f2544000000 ---p 00000000 00:00 0 
7f2544000000-7f2544021000 rw-p 00000000 00:00 0 
7f2544021000-7f2548000000 ---p 00000000 00:00 0 
7f2548000000-7f2548021000 rw-p 00000000 00:00 0 
7f2548021000-7f254c000000 ---p 00000000 00:00 0 
7f254c000000-7f254c021000 rw-p 00000000 00:00 0 
7f254c021000-7f2550000000 ---p 00000000 00:00 0 
7f2550000000-7f2550021000 rw-p 00000000 00:00 0 
7f2550021000-7f2554000000 ---p 00000000 00:00 0 
7f2554000000-7f2554007000 r--s 0003a000 08:21 6042065                    /home/stephan/.gradle/caches/modules-2/files-2.1/commons-codec/commons-codec/1.9/9ce04e34240f674bc72680f8b843b1457383161a/commons-codec-1.9.jar
7f2554007000-7f255400b000 r--s 0002a000 08:21 6042064                    /home/stephan/.gradle/caches/modules-2/files-2.1/commons-io/commons-io/2.4/b1b6ea3b7e4aa4f492509a4952029cd8e48019ad/commons-io-2.4.jar
7f255400b000-7f2554028000 r--s 00196000 08:21 6042061                    /home/stephan/.gradle/caches/modules-2/files-2.1/io.netty/netty-all/4.0.23.Final/294104aaf1781d6a56a07d561e792c5d0c95f45/netty-all-4.0.23.Final.jar
7f2554028000-7f2554353000 rw-p 00000000 00:00 0 
7f2554353000-7f2554354000 ---p 00000000 00:00 0 
7f2554354000-7f2554454000 rw-p 00000000 00:00 0                          [stack:21137]
7f2554454000-7f2554455000 ---p 00000000 00:00 0 
7f2554455000-7f2555000000 rw-p 00000000 00:00 0                          [stack:21136]
7f2555000000-7f2557190000 rwxp 00000000 00:00 0 
7f2557190000-7f2564000000 ---p 00000000 00:00 0 
7f2564000000-7f2567840000 rw-p 00000000 00:00 0 
7f2567840000-7f2568000000 ---p 00000000 00:00 0 
7f2568000000-7f2568c4c000 rw-p 00000000 00:00 0 
7f2568c4c000-7f2568c4d000 rw-p 00000000 00:00 0 
7f2568c4d000-7f2568c4e000 ---p 00000000 00:00 0 
7f2568c4e000-7f2568d4e000 rw-p 00000000 00:00 0                          [stack:21135]
7f2568d4e000-7f2568d4f000 ---p 00000000 00:00 0 
7f2568d4f000-7f2568e4f000 rw-p 00000000 00:00 0                          [stack:21134]
7f2568e4f000-7f2568e50000 ---p 00000000 00:00 0 
7f2568e50000-7f2568f50000 rw-p 00000000 00:00 0                          [stack:21133]
7f2568f50000-7f2568f51000 ---p 00000000 00:00 0 
7f2568f51000-7f2569051000 rw-p 00000000 00:00 0                          [stack:21132]
7f2569051000-7f2569052000 ---p 00000000 00:00 0 
7f2569052000-7f2569152000 rw-p 00000000 00:00 0                          [stack:21131]
7f2569152000-7f2569153000 ---p 00000000 00:00 0 
7f2569153000-7f2569253000 rw-p 00000000 00:00 0                          [stack:21130]
7f2569253000-7f2569254000 ---p 00000000 00:00 0 
7f2569254000-7f2569354000 rw-p 00000000 00:00 0                          [stack:21129]
7f2569354000-7f2569355000 ---p 00000000 00:00 0 
7f2569355000-7f25694dc000 rw-p 00000000 00:00 0                          [stack:21128]
7f25694dc000-7f2569815000 ---p 00000000 00:00 0 
7f2569815000-7f256982f000 r-xp 00000000 08:21 5049061                    /usr/lib/jvm/java-8-oracle/jre/lib/amd64/libzip.so
7f256982f000-7f2569a2f000 ---p 0001a000 08:21 5049061                    /usr/lib/jvm/java-8-oracle/jre/lib/amd64/libzip.so
7f2569a2f000-7f2569a30000 rw-p 0001a000 08:21 5049061                    /usr/lib/jvm/java-8-oracle/jre/lib/amd64/libzip.so
7f2569a30000-7f2569a3b000 r-xp 00000000 08:21 1182594                    /lib/x86_64-linux-gnu/libnss_files-2.19.so
7f2569a3b000-7f2569c3a000 ---p 0000b000 08:21 1182594                    /lib/x86_64-linux-gnu/libnss_files-2.19.so
7f2569c3a000-7f2569c3b000 r--p 0000a000 08:21 1182594                    /lib/x86_64-linux-gnu/libnss_files-2.19.so
7f2569c3b000-7f2569c3c000 rw-p 0000b000 08:21 1182594                    /lib/x86_64-linux-gnu/libnss_files-2.19.so
7f2569c3c000-7f2569c46000 r-xp 00000000 08:21 1182596                    /lib/x86_64-linux-gnu/libnss_nis-2.19.so
7f2569c46000-7f2569e45000 ---p 0000a000 08:21 1182596                    /lib/x86_64-linux-gnu/libnss_nis-2.19.so
7f2569e45000-7f2569e46000 r--p 00009000 08:21 1182596                    /lib/x86_64-linux-gnu/libnss_nis-2.19.so
7f2569e46000-7f2569e47000 rw-p 0000a000 08:21 1182596                    /lib/x86_64-linux-gnu/libnss_nis-2.19.so
7f2569e47000-7f2569e5c000 r-xp 00000000 08:21 1182590                    /lib/x86_64-linux-gnu/libnsl-2.19.so
7f2569e5c000-7f256a05b000 ---p 00015000 08:21 1182590                    /lib/x86_64-linux-gnu/libnsl-2.19.so
7f256a05b000-7f256a05c000 r--p 00014000 08:21 1182590                    /lib/x86_64-linux-gnu/libnsl-2.19.so
7f256a05c000-7f256a05d000 rw-p 00015000 08:21 1182590                    /lib/x86_64-linux-gnu/libnsl-2.19.so
7f256a05d000-7f256a05f000 rw-p 00000000 00:00 0 
7f256a05f000-7f256a066000 r-xp 00000000 08:21 1182591                    /lib/x86_64-linux-gnu/libnss_compat-2.19.so
7f256a066000-7f256a265000 ---p 00007000 08:21 1182591                    /lib/x86_64-linux-gnu/libnss_compat-2.19.so
7f256a265000-7f256a266000 r--p 00006000 08:21 1182591                    /lib/x86_64-linux-gnu/libnss_compat-2.19.so
7f256a266000-7f256a267000 rw-p 00007000 08:21 1182591                    /lib/x86_64-linux-gnu/libnss_compat-2.19.so
7f256a267000-7f256a292000 r-xp 00000000 08:21 5049086                    /usr/lib/jvm/java-8-oracle/jre/lib/amd64/libjava.so
7f256a292000-7f256a491000 ---p 0002b000 08:21 5049086                    /usr/lib/jvm/java-8-oracle/jre/lib/amd64/libjava.so
7f256a491000-7f256a493000 rw-p 0002a000 08:21 5049086                    /usr/lib/jvm/java-8-oracle/jre/lib/amd64/libjava.so
7f256a493000-7f256a4a0000 r-xp 00000000 08:21 5049039                    /usr/lib/jvm/java-8-oracle/jre/lib/amd64/libverify.so
7f256a4a0000-7f256a6a0000 ---p 0000d000 08:21 5049039                    /usr/lib/jvm/java-8-oracle/jre/lib/amd64/libverify.so
7f256a6a0000-7f256a6a2000 rw-p 0000d000 08:21 5049039                    /usr/lib/jvm/java-8-oracle/jre/lib/amd64/libverify.so
7f256a6a2000-7f256a6a9000 r-xp 00000000 08:21 1182611                    /lib/x86_64-linux-gnu/librt-2.19.so
7f256a6a9000-7f256a8a8000 ---p 00007000 08:21 1182611                    /lib/x86_64-linux-gnu/librt-2.19.so
7f256a8a8000-7f256a8a9000 r--p 00006000 08:21 1182611                    /lib/x86_64-linux-gnu/librt-2.19.so
7f256a8a9000-7f256a8aa000 rw-p 00007000 08:21 1182611                    /lib/x86_64-linux-gnu/librt-2.19.so
7f256a8aa000-7f256a9aa000 r-xp 00000000 08:21 1182588                    /lib/x86_64-linux-gnu/libm-2.19.so
7f256a9aa000-7f256aba9000 ---p 00100000 08:21 1182588                    /lib/x86_64-linux-gnu/libm-2.19.so
7f256aba9000-7f256abaa000 r--p 000ff000 08:21 1182588                    /lib/x86_64-linux-gnu/libm-2.19.so
7f256abaa000-7f256abab000 rw-p 00100000 08:21 1182588                    /lib/x86_64-linux-gnu/libm-2.19.so
7f256abab000-7f256b87e000 r-xp 00000000 08:21 5049096                    /usr/lib/jvm/java-8-oracle/jre/lib/amd64/server/libjvm.so
7f256b87e000-7f256ba7d000 ---p 00cd3000 08:21 5049096                    /usr/lib/jvm/java-8-oracle/jre/lib/amd64/server/libjvm.so
7f256ba7d000-7f256bb57000 rw-p 00cd2000 08:21 5049096                    /usr/lib/jvm/java-8-oracle/jre/lib/amd64/server/libjvm.so
7f256bb57000-7f256bba2000 rw-p 00000000 00:00 0 
7f256bba2000-7f256bd43000 r-xp 00000000 08:21 1182575                    /lib/x86_64-linux-gnu/libc-2.19.so
7f256bd43000-7f256bf43000 ---p 001a1000 08:21 1182575                    /lib/x86_64-linux-gnu/libc-2.19.so
7f256bf43000-7f256bf47000 r--p 001a1000 08:21 1182575                    /lib/x86_64-linux-gnu/libc-2.19.so
7f256bf47000-7f256bf49000 rw-p 001a5000 08:21 1182575                    /lib/x86_64-linux-gnu/libc-2.19.so
7f256bf49000-7f256bf4d000 rw-p 00000000 00:00 0 
7f256bf4d000-7f256bf50000 r-xp 00000000 08:21 1182587                    /lib/x86_64-linux-gnu/libdl-2.19.so
7f256bf50000-7f256c14f000 ---p 00003000 08:21 1182587                    /lib/x86_64-linux-gnu/libdl-2.19.so
7f256c14f000-7f256c150000 r--p 00002000 08:21 1182587                    /lib/x86_64-linux-gnu/libdl-2.19.so
7f256c150000-7f256c151000 rw-p 00003000 08:21 1182587                    /lib/x86_64-linux-gnu/libdl-2.19.so
7f256c151000-7f256c166000 r-xp 00000000 08:21 5047609                    /usr/lib/jvm/java-8-oracle/lib/amd64/jli/libjli.so
7f256c166000-7f256c366000 ---p 00015000 08:21 5047609                    /usr/lib/jvm/java-8-oracle/lib/amd64/jli/libjli.so
7f256c366000-7f256c367000 rw-p 00015000 08:21 5047609                    /usr/lib/jvm/java-8-oracle/lib/amd64/jli/libjli.so
7f256c367000-7f256c37f000 r-xp 00000000 08:21 1182192                    /lib/x86_64-linux-gnu/libpthread-2.19.so
7f256c37f000-7f256c57e000 ---p 00018000 08:21 1182192                    /lib/x86_64-linux-gnu/libpthread-2.19.so
7f256c57e000-7f256c57f000 r--p 00017000 08:21 1182192                    /lib/x86_64-linux-gnu/libpthread-2.19.so
7f256c57f000-7f256c580000 rw-p 00018000 08:21 1182192                    /lib/x86_64-linux-gnu/libpthread-2.19.so
7f256c580000-7f256c584000 rw-p 00000000 00:00 0 
7f256c584000-7f256c5a5000 r-xp 00000000 08:21 1182193                    /lib/x86_64-linux-gnu/ld-2.19.so
7f256c5a5000-7f256c5a6000 r--s 00001000 08:21 6042092                    /home/stephan/.gradle/caches/modules-2/files-2.1/com.paulscode/codecwav/20101023/12f031cfe88fef5c1dd36c563c0a3a69bd7261da/codecwav-20101023.jar
7f256c5a6000-7f256c5bc000 r--s 0017a000 08:21 6042059                    /home/stephan/.gradle/caches/modules-2/files-2.1/com.ibm.icu/icu4j-core-mojang/51.2/63d216a9311cca6be337c1e458e587f99d382b84/icu4j-core-mojang-51.2.jar
7f256c5bc000-7f256c674000 rw-p 00000000 00:00 0 
7f256c674000-7f256c677000 ---p 00000000 00:00 0 
7f256c677000-7f256c779000 rw-p 00000000 00:00 0                          [stack:21127]
7f256c779000-7f256c77a000 r--s 00001000 08:21 6042089                    /home/stephan/.gradle/caches/modules-2/files-2.1/lzma/lzma/0.0.1/521616dc7487b42bef0e803bd2fa3faf668101d7/lzma-0.0.1.jar
7f256c77a000-7f256c77b000 r--s 00001000 08:21 6042066                    /home/stephan/.gradle/caches/modules-2/files-2.1/net.java.jutils/jutils/1.0.0/e12fe1fda814bd348c1579329c86943d2cd3c6a6/jutils-1.0.0.jar
7f256c77b000-7f256c782000 r--s 0005e000 08:21 6042063                    /home/stephan/.gradle/caches/modules-2/files-2.1/org.apache.commons/commons-lang3/3.3.2/90a3822c38ec8c996e84c16a3477ef632cbc87a3/commons-lang3-3.3.2.jar
7f256c782000-7f256c784000 r--s 0000e000 08:21 6042060                    /home/stephan/.gradle/caches/modules-2/files-2.1/net.sf.jopt-simple/jopt-simple/4.6/306816fb57cf94f108a43c95731b08934dcae15c/jopt-simple-4.6.jar
7f256c784000-7f256c78f000 r--s 000d5000 08:21 6042058                    /home/stephan/.gradle/caches/modules-2/files-2.1/net.java.dev.jna/platform/3.4.0/e3f70017be8100d3d6923f50b3d2ee17714e9c13/platform-3.4.0.jar
7f256c78f000-7f256c793000 r--s 000f3000 08:21 6042057                    /home/stephan/.gradle/caches/modules-2/files-2.1/net.java.dev.jna/jna/3.4.0/803ff252fedbd395baffd43b37341dc4a150a554/jna-3.4.0.jar
7f256c793000-7f256c795000 r--s 00006000 08:21 6042056                    /home/stephan/.gradle/caches/modules-2/files-2.1/oshi-project/oshi-core/1.1/9ddf7b048a8d701be231c0f4f95fd986198fd2d8/oshi-core-1.1.jar
7f256c795000-7f256c796000 r--s 00001000 08:21 6042055                    /home/stephan/.gradle/caches/modules-2/files-2.1/com.mojang/netty/1.6/4b75825a06139752bd800d9e29c5fd55b8b1b1e4/netty-1.6.jar
7f256c796000-7f256c798000 r--s 00003000 08:21 6042054                    /home/stephan/.gradle/caches/modules-2/files-2.1/com.google.code.findbugs/jsr305/3.0.1/f7be08ec23c21485b9b5a1cf1654c2ec8c58168d/jsr305-3.0.1.jar
7f256c798000-7f256c7a0000 rw-s 00000000 08:21 6141539                    /tmp/hsperfdata_stephan/21121
7f256c7a0000-7f256c7a1000 rw-p 00000000 00:00 0 
7f256c7a1000-7f256c7a2000 ---p 00000000 00:00 0 
7f256c7a2000-7f256c7a4000 rw-p 00000000 00:00 0 
7f256c7a4000-7f256c7a5000 r--p 00020000 08:21 1182193                    /lib/x86_64-linux-gnu/ld-2.19.so
7f256c7a5000-7f256c7a6000 rw-p 00021000 08:21 1182193                    /lib/x86_64-linux-gnu/ld-2.19.so
7f256c7a6000-7f256c7a7000 rw-p 00000000 00:00 0 
7ffe25fd3000-7ffe25ff6000 rw-p 00000000 00:00 0                          [stack]
7ffe25ff7000-7ffe25ff9000 r-xp 00000000 00:00 0                          [vdso]
7ffe25ff9000-7ffe25ffb000 r--p 00000000 00:00 0                          [vvar]
ffffffffff600000-ffffffffff601000 r-xp 00000000 00:00 0                  [vsyscall]

VM Arguments:
jvm_args: -Xincgc -Xmx1024M -Xms1024M -Dfile.encoding=UTF-8 
java_command: GradleStart
java_class_path (initial): /home/stephan/forge/bin:/home/stephan/.gradle/caches/minecraft/net/minecraftforge/forge/1.10.2-12.18.3.2422/snapshot/20161111/forgeSrc-1.10.2-12.18.3.2422.jar:/home/stephan/.gradle/caches/modules-2/files-2.1/com.google.code.findbugs/jsr305/3.0.1/f7be08ec23c21485b9b5a1cf1654c2ec8c58168d/jsr305-3.0.1.jar:/home/stephan/.gradle/caches/modules-2/files-2.1/com.mojang/netty/1.6/4b75825a06139752bd800d9e29c5fd55b8b1b1e4/netty-1.6.jar:/home/stephan/.gradle/caches/modules-2/files-2.1/oshi-project/oshi-core/1.1/9ddf7b048a8d701be231c0f4f95fd986198fd2d8/oshi-core-1.1.jar:/home/stephan/.gradle/caches/modules-2/files-2.1/net.java.dev.jna/jna/3.4.0/803ff252fedbd395baffd43b37341dc4a150a554/jna-3.4.0.jar:/home/stephan/.gradle/caches/modules-2/files-2.1/net.java.dev.jna/platform/3.4.0/e3f70017be8100d3d6923f50b3d2ee17714e9c13/platform-3.4.0.jar:/home/stephan/.gradle/caches/modules-2/files-2.1/com.ibm.icu/icu4j-core-mojang/51.2/63d216a9311cca6be337c1e458e587f99d382b84/icu4j-core-mojang-51.2.jar:/home/stephan/.gradle/caches/modules-2/files-2.1/net.sf.jopt-simple/jopt-simple/4.6/306816fb57cf94f108a43c95731b08934dcae15c/jopt-simple-4.6.jar:/home/stephan/.gradle/caches/modules-2/files-2.1/io.netty/netty-all/4.0.23.Final/294104aaf1781d6a56a07d561e792c5d0c95f45/netty-all-4.0.23.Final.jar:/home/stephan/.gradle/caches/modules-2/files-2.1/com.google.guava/guava/17.0/9c6ef172e8de35fd8d4d8783e4821e57cdef7445/guava-17.0.jar:/home/stephan/.gradle/caches/modules-2/files-2.1/org.apache.commons/commons-lang3/3.3.2/90a3822c38ec8c996e84c16a3477ef632cbc87a3/commons-lang3-3.3.2.jar:/home/stephan/.gradle/caches/modules-2/files-2.1/commons-io/commons-io/2.4/b1b6ea3b7e4aa4f492509a4952029cd8e48019ad/commons-io-2.4.jar:/home/stephan/.gradle/caches/modules-2/files-2.1/commons-codec/commons-codec/1.9/9ce04e34240f674bc72680f8b843b1457383161a/commons-codec-1.9.jar:/home/stephan/.gradle/caches/modules-2/files-2.1/net.java.jutils/jutils/1.0.0/e12fe1fda814bd348c1579329c86943d2cd3c6a6/jutils
Launcher Type: SUN_STANDARD

Environment Variables:
JAVA_HOME=/usr/lib/jvm/java-8-oracle
PATH=/usr/local/bin:/usr/bin:/bin:/usr/local/games:/usr/games:/usr/lib/jvm/java-8-oracle/bin:/usr/lib/jvm/java-8-oracle/db/bin:/usr/lib/jvm/java-8-oracle/jre/bin
SHELL=/bin/bash
DISPLAY=:0

Signal Handlers:
SIGSEGV: [libjvm.so+0xacba10], sa_mask[0]=11111111011111111101111111111110, sa_flags=SA_RESTART|SA_SIGINFO
SIGBUS: [libjvm.so+0xacba10], sa_mask[0]=11111111011111111101111111111110, sa_flags=SA_RESTART|SA_SIGINFO
SIGFPE: [libjvm.so+0x924ba0], sa_mask[0]=11111111011111111101111111111110, sa_flags=SA_RESTART|SA_SIGINFO
SIGPIPE: [libjvm.so+0x924ba0], sa_mask[0]=11111111011111111101111111111110, sa_flags=SA_RESTART|SA_SIGINFO
SIGXFSZ: [libjvm.so+0x924ba0], sa_mask[0]=11111111011111111101111111111110, sa_flags=SA_RESTART|SA_SIGINFO
SIGILL: [libjvm.so+0x924ba0], sa_mask[0]=11111111011111111101111111111110, sa_flags=SA_RESTART|SA_SIGINFO
SIGUSR1: SIG_DFL, sa_mask[0]=00000000000000000000000000000000, sa_flags=none
SIGUSR2: [libjvm.so+0x9263e0], sa_mask[0]=00100000000000000000000000000000, sa_flags=SA_RESTART|SA_SIGINFO
SIGHUP: [libjvm.so+0x9277e0], sa_mask[0]=11111111011111111101111111111110, sa_flags=SA_RESTART|SA_SIGINFO
SIGINT: [libjvm.so+0x9277e0], sa_mask[0]=11111111011111111101111111111110, sa_flags=SA_RESTART|SA_SIGINFO
SIGTERM: [libjvm.so+0x9277e0], sa_mask[0]=11111111011111111101111111111110, sa_flags=SA_RESTART|SA_SIGINFO
SIGQUIT: [libjvm.so+0x9277e0], sa_mask[0]=11111111011111111101111111111110, sa_flags=SA_RESTART|SA_SIGINFO


---------------  S Y S T E M  ---------------

OS:PRETTY_NAME="Debian GNU/Linux 8 (jessie)"
NAME="Debian GNU/Linux"
VERSION_ID="8"
VERSION="8 (jessie)"
ID=debian
HOME_URL="http://www.debian.org/"
SUPPORT_URL="http://www.debian.org/support"
BUG_REPORT_URL="https://bugs.debian.org/"

uname:Linux 3.16.0-4-amd64 #1 SMP Debian 3.16.43-2+deb8u2 (2017-06-26) x86_64
libc:glibc 2.19 NPTL 2.19 
rlimit: STACK 8192k, CORE 0k, NPROC 48076, NOFILE 65536, AS infinity
load average:1,18 1,03 0,89

/proc/meminfo:
MemTotal:       12324700 kB
MemFree:          700716 kB
MemAvailable:    6187416 kB
Buffers:          188572 kB
Cached:          5328112 kB
SwapCached:         8320 kB
Active:          7393296 kB
Inactive:        3609168 kB
Active(anon):    4752688 kB
Inactive(anon):   876720 kB
Active(file):    2640608 kB
Inactive(file):  2732448 kB
Unevictable:          32 kB
Mlocked:              32 kB
SwapTotal:       4592636 kB
SwapFree:        4334736 kB
Dirty:               580 kB
Writeback:             0 kB
AnonPages:       5479368 kB
Mapped:           278124 kB
Shmem:            143628 kB
Slab:             430400 kB
SReclaimable:     367048 kB
SUnreclaim:        63352 kB
KernelStack:        8640 kB
PageTables:        50624 kB
NFS_Unstable:          0 kB
Bounce:                0 kB
WritebackTmp:          0 kB
CommitLimit:    10754984 kB
Committed_AS:    7350140 kB
VmallocTotal:   34359738367 kB
VmallocUsed:      339536 kB
VmallocChunk:   34359393272 kB
HardwareCorrupted:     0 kB
AnonHugePages:         0 kB
HugePages_Total:       0
HugePages_Free:        0
HugePages_Rsvd:        0
HugePages_Surp:        0
Hugepagesize:       2048 kB
DirectMap4k:     9827840 kB
DirectMap2M:     2746368 kB


CPU:total 8 (initial active 8) (4 cores per cpu, 2 threads per core) family 6 model 26 stepping 5, cmov, cx8, fxsr, mmx, sse, sse2, sse3, ssse3, sse4.1, sse4.2, popcnt, ht, tsc, tscinvbit, tscinv

/proc/cpuinfo:
processor	: 0
vendor_id	: GenuineIntel
cpu family	: 6
model		: 26
model name	: Intel(R) Core(TM) i7 CPU         950  @ 3.07GHz
stepping	: 5
microcode	: 0x15
cpu MHz		: 1600.000
cache size	: 8192 KB
physical id	: 0
siblings	: 8
core id		: 0
cpu cores	: 4
apicid		: 0
initial apicid	: 0
fpu		: yes
fpu_exception	: yes
cpuid level	: 11
wp		: yes
flags		: fpu vme de pse tsc msr pae mce cx8 apic sep mtrr pge mca cmov pat pse36 clflush dts acpi mmx fxsr sse sse2 ss ht tm pbe syscall nx rdtscp lm constant_tsc arch_perfmon pebs bts rep_good nopl xtopology nonstop_tsc aperfmperf pni dtes64 monitor ds_cpl vmx est tm2 ssse3 cx16 xtpr pdcm sse4_1 sse4_2 popcnt lahf_lm ida dtherm tpr_shadow vnmi flexpriority ept vpid
bogomips	: 6147.00
clflush size	: 64
cache_alignment	: 64
address sizes	: 36 bits physical, 48 bits virtual
power management:

processor	: 1
vendor_id	: GenuineIntel
cpu family	: 6
model		: 26
model name	: Intel(R) Core(TM) i7 CPU         950  @ 3.07GHz
stepping	: 5
microcode	: 0x15
cpu MHz		: 2933.000
cache size	: 8192 KB
physical id	: 0
siblings	: 8
core id		: 1
cpu cores	: 4
apicid		: 2
initial apicid	: 2
fpu		: yes
fpu_exception	: yes
cpuid level	: 11
wp		: yes
flags		: fpu vme de pse tsc msr pae mce cx8 apic sep mtrr pge mca cmov pat pse36 clflush dts acpi mmx fxsr sse sse2 ss ht tm pbe syscall nx rdtscp lm constant_tsc arch_perfmon pebs bts rep_good nopl xtopology nonstop_tsc aperfmperf pni dtes64 monitor ds_cpl vmx est tm2 ssse3 cx16 xtpr pdcm sse4_1 sse4_2 popcnt lahf_lm ida dtherm tpr_shadow vnmi flexpriority ept vpid
bogomips	: 6147.00
clflush size	: 64
cache_alignment	: 64
address sizes	: 36 bits physical, 48 bits virtual
power management:

processor	: 2
vendor_id	: GenuineIntel
cpu family	: 6
model		: 26
model name	: Intel(R) Core(TM) i7 CPU         950  @ 3.07GHz
stepping	: 5
microcode	: 0x15
cpu MHz		: 1600.000
cache size	: 8192 KB
physical id	: 0
siblings	: 8
core id		: 2
cpu cores	: 4
apicid		: 4
initial apicid	: 4
fpu		: yes
fpu_exception	: yes
cpuid level	: 11
wp		: yes
flags		: fpu vme de pse tsc msr pae mce cx8 apic sep mtrr pge mca cmov pat pse36 clflush dts acpi mmx fxsr sse sse2 ss ht tm pbe syscall nx rdtscp lm constant_tsc arch_perfmon pebs bts rep_good nopl xtopology nonstop_tsc aperfmperf pni dtes64 monitor ds_cpl vmx est tm2 ssse3 cx16 xtpr pdcm sse4_1 sse4_2 popcnt lahf_lm ida dtherm tpr_shadow vnmi flexpriority ept vpid
bogomips	: 6147.00
clflush size	: 64
cache_alignment	: 64
address sizes	: 36 bits physical, 48 bits virtual
power management:

processor	: 3
vendor_id	: GenuineIntel
cpu family	: 6
model		: 26
model name	: Intel(R) Core(TM) i7 CPU         950  @ 3.07GHz
stepping	: 5
microcode	: 0x15
cpu MHz		: 1600.000
cache size	: 8192 KB
physical id	: 0
siblings	: 8
core id		: 3
cpu cores	: 4
apicid		: 6
initial apicid	: 6
fpu		: yes
fpu_exception	: yes
cpuid level	: 11
wp		: yes
flags		: fpu vme de pse tsc msr pae mce cx8 apic sep mtrr pge mca cmov pat pse36 clflush dts acpi mmx fxsr sse sse2 ss ht tm pbe syscall nx rdtscp lm constant_tsc arch_perfmon pebs bts rep_good nopl xtopology nonstop_tsc aperfmperf pni dtes64 monitor ds_cpl vmx est tm2 ssse3 cx16 xtpr pdcm sse4_1 sse4_2 popcnt lahf_lm ida dtherm tpr_shadow vnmi flexpriority ept vpid
bogomips	: 6147.00
clflush size	: 64
cache_alignment	: 64
address sizes	: 36 bits physical, 48 bits virtual
power management:

processor	: 4
vendor_id	: GenuineIntel
cpu family	: 6
model		: 26
model name	: Intel(R) Core(TM) i7 CPU         950  @ 3.07GHz
stepping	: 5
microcode	: 0x15
cpu MHz		: 1600.000
cache size	: 8192 KB
physical id	: 0
siblings	: 8
core id		: 0
cpu cores	: 4
apicid		: 1
initial apicid	: 1
fpu		: yes
fpu_exception	: yes
cpuid level	: 11
wp		: yes
flags		: fpu vme de pse tsc msr pae mce cx8 apic sep mtrr pge mca cmov pat pse36 clflush dts acpi mmx fxsr sse sse2 ss ht tm pbe syscall nx rdtscp lm constant_tsc arch_perfmon pebs bts rep_good nopl xtopology nonstop_tsc aperfmperf pni dtes64 monitor ds_cpl vmx est tm2 ssse3 cx16 xtpr pdcm sse4_1 sse4_2 popcnt lahf_lm ida dtherm tpr_shadow vnmi flexpriority ept vpid
bogomips	: 6147.00
clflush size	: 64
cache_alignment	: 64
address sizes	: 36 bits physical, 48 bits virtual
power management:

processor	: 5
vendor_id	: GenuineIntel
cpu family	: 6
model		: 26
model name	: Intel(R) Core(TM) i7 CPU         950  @ 3.07GHz
stepping	: 5
microcode	: 0x15
cpu MHz		: 3068.000
cache size	: 8192 KB
physical id	: 0
siblings	: 8
core id		: 1
cpu cores	: 4
apicid		: 3
initial apicid	: 3
fpu		: yes
fpu_exception	: yes
cpuid level	: 11
wp		: yes
flags		: fpu vme de pse tsc msr pae mce cx8 apic sep mtrr pge mca cmov pat pse36 clflush dts acpi mmx fxsr sse sse2 ss ht tm pbe syscall nx rdtscp lm constant_tsc arch_perfmon pebs bts rep_good nopl xtopology nonstop_tsc aperfmperf pni dtes64 monitor ds_cpl vmx est tm2 ssse3 cx16 xtpr pdcm sse4_1 sse4_2 popcnt lahf_lm ida dtherm tpr_shadow vnmi flexpriority ept vpid
bogomips	: 6147.00
clflush size	: 64
cache_alignment	: 64
address sizes	: 36 bits physical, 48 bits virtual
power management:

processor	: 6
vendor_id	: GenuineIntel
cpu family	: 6
model		: 26
model name	: Intel(R) Core(TM) i7 CPU         950  @ 3.07GHz
stepping	: 5
microcode	: 0x15
cpu MHz		: 3068.000
cache size	: 8192 KB
physical id	: 0
siblings	: 8
core id		: 2
cpu cores	: 4
apicid		: 5
initial apicid	: 5
fpu		: yes
fpu_exception	: yes
cpuid level	: 11
wp		: yes
flags		: fpu vme de pse tsc msr pae mce cx8 apic sep mtrr pge mca cmov pat pse36 clflush dts acpi mmx fxsr sse sse2 ss ht tm pbe syscall nx rdtscp lm constant_tsc arch_perfmon pebs bts rep_good nopl xtopology nonstop_tsc aperfmperf pni dtes64 monitor ds_cpl vmx est tm2 ssse3 cx16 xtpr pdcm sse4_1 sse4_2 popcnt lahf_lm ida dtherm tpr_shadow vnmi flexpriority ept vpid
bogomips	: 6147.00
clflush size	: 64
cache_alignment	: 64
address sizes	: 36 bits physical, 48 bits virtual
power management:

processor	: 7
vendor_id	: GenuineIntel
cpu family	: 6
model		: 26
model name	: Intel(R) Core(TM) i7 CPU         950  @ 3.07GHz
stepping	: 5
microcode	: 0x15
cpu MHz		: 1600.000
cache size	: 8192 KB
physical id	: 0
siblings	: 8
core id		: 3
cpu cores	: 4
apicid		: 7
initial apicid	: 7
fpu		: yes
fpu_exception	: yes
cpuid level	: 11
wp		: yes
flags		: fpu vme de pse tsc msr pae mce cx8 apic sep mtrr pge mca cmov pat pse36 clflush dts acpi mmx fxsr sse sse2 ss ht tm pbe syscall nx rdtscp lm constant_tsc arch_perfmon pebs bts rep_good nopl xtopology nonstop_tsc aperfmperf pni dtes64 monitor ds_cpl vmx est tm2 ssse3 cx16 xtpr pdcm sse4_1 sse4_2 popcnt lahf_lm ida dtherm tpr_shadow vnmi flexpriority ept vpid
bogomips	: 6147.00
clflush size	: 64
cache_alignment	: 64
address sizes	: 36 bits physical, 48 bits virtual
power management:



Memory: 4k page, physical 12324700k(700716k free), swap 4592636k(4334736k free)

vm_info: Java HotSpot(TM) 64-Bit Server VM (25.144-b01) for linux-amd64 JRE (1.8.0_144-b01), built on Jul 21 2017 21:57:33 by "java_re" with gcc 4.3.0 20080428 (Red Hat 4.3.0-8)

time: Tue Sep 12 17:54:59 2017
elapsed time: 55 seconds (0d 0h 0m 55s)

